[0.006s] Invoking command in '/home/tungchiahui/UserFloder/mysource/CyberNaviRobot/ros2test_ws/build/lslidar_msgs': CMAKE_PREFIX_PATH=${CMAKE_PREFIX_PATH}:/opt/ros/jazzy /usr/bin/cmake /home/tungchiahui/UserFloder/mysource/CyberNaviRobot/ros2test_ws/src/LSLIDAR_X_ROS2/lslidar_msgs -DCMAKE_INSTALL_PREFIX=/home/tungchiahui/UserFloder/mysource/CyberNaviRobot/ros2test_ws/install/lslidar_msgs
[0.080s] -- The C compiler identification is GNU 13.3.0
[0.135s] -- The CXX compiler identification is GNU 13.3.0
[0.148s] -- Detecting C compiler ABI info
[0.208s] -- Detecting C compiler ABI info - done
[0.214s] -- Check for working C compiler: /usr/bin/cc - skipped
[0.215s] -- Detecting C compile features
[0.215s] -- Detecting C compile features - done
[0.223s] -- Detecting CXX compiler ABI info
[0.288s] -- Detecting CXX compiler ABI info - done
[0.294s] -- Check for working CXX compiler: /usr/bin/c++ - skipped
[0.294s] -- Detecting CXX compile features
[0.295s] -- Detecting CXX compile features - done
[0.300s] -- Found ament_cmake: 2.5.3 (/opt/ros/jazzy/share/ament_cmake/cmake)
[0.403s] -- Found Python3: /usr/bin/python3 (found version "3.12.3") found components: Interpreter 
[0.493s] -- Found std_msgs: 5.3.5 (/opt/ros/jazzy/share/std_msgs/cmake)
[0.532s] -- Found rosidl_generator_c: 4.6.5 (/opt/ros/jazzy/share/rosidl_generator_c/cmake)
[0.546s] -- Found rosidl_generator_cpp: 4.6.5 (/opt/ros/jazzy/share/rosidl_generator_cpp/cmake)
[0.564s] -- Using all available rosidl_typesupport_c: rosidl_typesupport_fastrtps_c;rosidl_typesupport_introspection_c
[0.582s] -- Using all available rosidl_typesupport_cpp: rosidl_typesupport_fastrtps_cpp;rosidl_typesupport_introspection_cpp
[0.614s] -- Found sensor_msgs: 5.3.5 (/opt/ros/jazzy/share/sensor_msgs/cmake)
[0.662s] -- Found rosidl_default_generators: 1.6.0 (/opt/ros/jazzy/share/rosidl_default_generators/cmake)
[0.675s] -- Found rosidl_adapter: 4.6.5 (/opt/ros/jazzy/share/rosidl_adapter/cmake)
[0.679s] -- Found ament_lint_auto: 0.17.1 (/opt/ros/jazzy/share/ament_lint_auto/cmake)
[1.117s] -- Found ament_cmake_ros: 0.12.0 (/opt/ros/jazzy/share/ament_cmake_ros/cmake)
[1.622s] -- Using all available rosidl_typesupport_c: rosidl_typesupport_fastrtps_c;rosidl_typesupport_introspection_c
[1.819s] -- Using all available rosidl_typesupport_cpp: rosidl_typesupport_fastrtps_cpp;rosidl_typesupport_introspection_cpp
[1.823s] -- Found python_cmake_module: 0.11.1 (/opt/ros/jazzy/share/python_cmake_module/cmake)
[1.910s] -- Found PythonExtra: /usr/bin/python3  
[2.239s] -- Found Python3: /usr/bin/python3 (found version "3.12.3") found components: Interpreter Development NumPy Development.Module Development.Embed 
[2.279s] -- Added test 'copyright' to check source files copyright and LICENSE
[2.281s] -- Added test 'lint_cmake' to check CMake code style
[2.282s] -- Added test 'xmllint' to check XML markup files
[2.286s] -- Configuring done (2.3s)
[2.316s] -- Generating done (0.0s)
[2.325s] -- Build files have been written to: /home/tungchiahui/UserFloder/mysource/CyberNaviRobot/ros2test_ws/build/lslidar_msgs
[2.332s] Invoked command in '/home/tungchiahui/UserFloder/mysource/CyberNaviRobot/ros2test_ws/build/lslidar_msgs' returned '0': CMAKE_PREFIX_PATH=${CMAKE_PREFIX_PATH}:/opt/ros/jazzy /usr/bin/cmake /home/tungchiahui/UserFloder/mysource/CyberNaviRobot/ros2test_ws/src/LSLIDAR_X_ROS2/lslidar_msgs -DCMAKE_INSTALL_PREFIX=/home/tungchiahui/UserFloder/mysource/CyberNaviRobot/ros2test_ws/install/lslidar_msgs
[2.333s] Invoking command in '/home/tungchiahui/UserFloder/mysource/CyberNaviRobot/ros2test_ws/build/lslidar_msgs': CMAKE_PREFIX_PATH=${CMAKE_PREFIX_PATH}:/opt/ros/jazzy /usr/bin/cmake --build /home/tungchiahui/UserFloder/mysource/CyberNaviRobot/ros2test_ws/build/lslidar_msgs -- -j16 -l16
[2.368s] [  1%] [34m[1mGenerating type hashes for ROS interfaces[0m
[2.373s] [  1%] Built target ament_cmake_python_copy_lslidar_msgs
[2.513s] running egg_info
[2.514s] creating lslidar_msgs.egg-info
[2.526s] writing lslidar_msgs.egg-info/PKG-INFO
[2.526s] writing dependency_links to lslidar_msgs.egg-info/dependency_links.txt
[2.526s] writing top-level names to lslidar_msgs.egg-info/top_level.txt
[2.527s] writing manifest file 'lslidar_msgs.egg-info/SOURCES.txt'
[2.566s] reading manifest file 'lslidar_msgs.egg-info/SOURCES.txt'
[2.566s] writing manifest file 'lslidar_msgs.egg-info/SOURCES.txt'
[2.584s] [  1%] Built target ament_cmake_python_build_lslidar_msgs_egg
[2.585s] [  1%] Built target lslidar_msgs__rosidl_generator_type_description
[2.592s] [  2%] [34m[1mGenerating C code for ROS interfaces[0m
[2.599s] [  4%] [34m[1mGenerating C++ code for ROS interfaces[0m
[2.913s] [  4%] Built target lslidar_msgs__cpp
[2.983s] [  5%] [32mBuilding C object CMakeFiles/lslidar_msgs__rosidl_generator_c.dir/rosidl_generator_c/lslidar_msgs/msg/detail/lslidar_sweep__description.c.o[0m
[2.984s] [  6%] [32mBuilding C object CMakeFiles/lslidar_msgs__rosidl_generator_c.dir/rosidl_generator_c/lslidar_msgs/msg/detail/lslidar_difop__description.c.o[0m
[2.984s] [  8%] [32mBuilding C object CMakeFiles/lslidar_msgs__rosidl_generator_c.dir/rosidl_generator_c/lslidar_msgs/msg/detail/lslidar_difop__type_support.c.o[0m
[2.984s] [  9%] [32mBuilding C object CMakeFiles/lslidar_msgs__rosidl_generator_c.dir/rosidl_generator_c/lslidar_msgs/msg/detail/lslidar_packet__description.c.o[0m
[2.984s] [ 10%] [32mBuilding C object CMakeFiles/lslidar_msgs__rosidl_generator_c.dir/rosidl_generator_c/lslidar_msgs/msg/detail/lslidar_packet__functions.c.o[0m
[2.985s] [ 12%] [32mBuilding C object CMakeFiles/lslidar_msgs__rosidl_generator_c.dir/rosidl_generator_c/lslidar_msgs/msg/detail/lslidar_point__description.c.o[0m
[2.985s] [ 14%] [32mBuilding C object CMakeFiles/lslidar_msgs__rosidl_generator_c.dir/rosidl_generator_c/lslidar_msgs/msg/detail/lslidar_scan__functions.c.o[0m
[2.985s] [ 14%] [32mBuilding C object CMakeFiles/lslidar_msgs__rosidl_generator_c.dir/rosidl_generator_c/lslidar_msgs/msg/detail/lslidar_point__functions.c.o[0m
[2.985s] [ 17%] [32mBuilding C object CMakeFiles/lslidar_msgs__rosidl_generator_c.dir/rosidl_generator_c/lslidar_msgs/msg/detail/lslidar_point__type_support.c.o[0m
[2.985s] [ 18%] [32mBuilding C object CMakeFiles/lslidar_msgs__rosidl_generator_c.dir/rosidl_generator_c/lslidar_msgs/msg/detail/lslidar_difop__functions.c.o[0m
[2.985s] [ 18%] [32mBuilding C object CMakeFiles/lslidar_msgs__rosidl_generator_c.dir/rosidl_generator_c/lslidar_msgs/msg/detail/lslidar_scan__description.c.o[0m
[2.985s] [ 20%] [32mBuilding C object CMakeFiles/lslidar_msgs__rosidl_generator_c.dir/rosidl_generator_c/lslidar_msgs/msg/detail/lslidar_sweep__functions.c.o[0m
[2.985s] [ 21%] [32mBuilding C object CMakeFiles/lslidar_msgs__rosidl_generator_c.dir/rosidl_generator_c/lslidar_msgs/msg/detail/lslidar_scan__type_support.c.o[0m
[2.986s] [ 22%] [32mBuilding C object CMakeFiles/lslidar_msgs__rosidl_generator_c.dir/rosidl_generator_c/lslidar_msgs/msg/detail/lslidar_sweep__type_support.c.o[0m
[2.986s] [ 24%] [32mBuilding C object CMakeFiles/lslidar_msgs__rosidl_generator_c.dir/rosidl_generator_c/lslidar_msgs/msg/detail/lslidar_packet__type_support.c.o[0m
[3.043s] [ 25%] [32m[1mLinking C shared library liblslidar_msgs__rosidl_generator_c.so[0m
[3.072s] [ 25%] Built target lslidar_msgs__rosidl_generator_c
[3.080s] [ 29%] [34m[1mGenerating C++ type support dispatch for ROS interfaces[0m
[3.081s] [ 31%] [34m[1mGenerating C++ type support for eProsima Fast-RTPS[0m
[3.081s] [ 31%] [34m[1mGenerating C type support for eProsima Fast-RTPS[0m
[3.081s] [ 31%] [34m[1mGenerating C type support dispatch for ROS interfaces[0m
[3.081s] [ 32%] [34m[1mGenerating C++ introspection for ROS interfaces[0m
[3.081s] [ 33%] [34m[1mGenerating C introspection for ROS interfaces[0m
[3.331s] [ 36%] [32mBuilding CXX object CMakeFiles/lslidar_msgs__rosidl_typesupport_c.dir/rosidl_typesupport_c/lslidar_msgs/msg/lslidar_difop__type_support.cpp.o[0m
[3.331s] [ 36%] [32mBuilding CXX object CMakeFiles/lslidar_msgs__rosidl_typesupport_c.dir/rosidl_typesupport_c/lslidar_msgs/msg/lslidar_sweep__type_support.cpp.o[0m
[3.331s] [ 37%] [32mBuilding CXX object CMakeFiles/lslidar_msgs__rosidl_typesupport_c.dir/rosidl_typesupport_c/lslidar_msgs/msg/lslidar_scan__type_support.cpp.o[0m
[3.332s] [ 40%] [32mBuilding CXX object CMakeFiles/lslidar_msgs__rosidl_typesupport_c.dir/rosidl_typesupport_c/lslidar_msgs/msg/lslidar_packet__type_support.cpp.o[0m
[3.332s] [ 40%] [32mBuilding CXX object CMakeFiles/lslidar_msgs__rosidl_typesupport_c.dir/rosidl_typesupport_c/lslidar_msgs/msg/lslidar_point__type_support.cpp.o[0m
[3.362s] [ 41%] [32mBuilding CXX object CMakeFiles/lslidar_msgs__rosidl_typesupport_cpp.dir/rosidl_typesupport_cpp/lslidar_msgs/msg/lslidar_difop__type_support.cpp.o[0m
[3.363s] [ 43%] [32mBuilding CXX object CMakeFiles/lslidar_msgs__rosidl_typesupport_cpp.dir/rosidl_typesupport_cpp/lslidar_msgs/msg/lslidar_packet__type_support.cpp.o[0m
[3.365s] [ 44%] [32mBuilding CXX object CMakeFiles/lslidar_msgs__rosidl_typesupport_cpp.dir/rosidl_typesupport_cpp/lslidar_msgs/msg/lslidar_point__type_support.cpp.o[0m
[3.365s] [ 47%] [32mBuilding CXX object CMakeFiles/lslidar_msgs__rosidl_typesupport_cpp.dir/rosidl_typesupport_cpp/lslidar_msgs/msg/lslidar_sweep__type_support.cpp.o[0m
[3.365s] [ 47%] [32mBuilding CXX object CMakeFiles/lslidar_msgs__rosidl_typesupport_cpp.dir/rosidl_typesupport_cpp/lslidar_msgs/msg/lslidar_scan__type_support.cpp.o[0m
[3.380s] [ 48%] [32m[1mLinking CXX shared library liblslidar_msgs__rosidl_typesupport_c.so[0m
[3.384s] [ 54%] [32mBuilding CXX object CMakeFiles/lslidar_msgs__rosidl_typesupport_introspection_cpp.dir/rosidl_typesupport_introspection_cpp/lslidar_msgs/msg/detail/lslidar_packet__type_support.cpp.o[0m
[3.385s] [ 54%] [32mBuilding CXX object CMakeFiles/lslidar_msgs__rosidl_typesupport_introspection_cpp.dir/rosidl_typesupport_introspection_cpp/lslidar_msgs/msg/detail/lslidar_scan__type_support.cpp.o[0m
[3.385s] [ 54%] [32mBuilding CXX object CMakeFiles/lslidar_msgs__rosidl_typesupport_introspection_cpp.dir/rosidl_typesupport_introspection_cpp/lslidar_msgs/msg/detail/lslidar_difop__type_support.cpp.o[0m
[3.385s] [ 55%] [32mBuilding CXX object CMakeFiles/lslidar_msgs__rosidl_typesupport_introspection_cpp.dir/rosidl_typesupport_introspection_cpp/lslidar_msgs/msg/detail/lslidar_sweep__type_support.cpp.o[0m
[3.385s] [ 55%] [32mBuilding CXX object CMakeFiles/lslidar_msgs__rosidl_typesupport_introspection_cpp.dir/rosidl_typesupport_introspection_cpp/lslidar_msgs/msg/detail/lslidar_point__type_support.cpp.o[0m
[3.426s] [ 55%] Built target lslidar_msgs__rosidl_typesupport_c
[3.440s] [ 60%] [32mBuilding C object CMakeFiles/lslidar_msgs__rosidl_typesupport_introspection_c.dir/rosidl_typesupport_introspection_c/lslidar_msgs/msg/detail/lslidar_scan__type_support.c.o[0m
[3.440s] [ 60%] [32mBuilding C object CMakeFiles/lslidar_msgs__rosidl_typesupport_introspection_c.dir/rosidl_typesupport_introspection_c/lslidar_msgs/msg/detail/lslidar_difop__type_support.c.o[0m
[3.440s] [ 60%] [32mBuilding C object CMakeFiles/lslidar_msgs__rosidl_typesupport_introspection_c.dir/rosidl_typesupport_introspection_c/lslidar_msgs/msg/detail/lslidar_point__type_support.c.o[0m
[3.440s] [ 60%] [32mBuilding C object CMakeFiles/lslidar_msgs__rosidl_typesupport_introspection_c.dir/rosidl_typesupport_introspection_c/lslidar_msgs/msg/detail/lslidar_packet__type_support.c.o[0m
[3.485s] [ 62%] [32mBuilding C object CMakeFiles/lslidar_msgs__rosidl_typesupport_introspection_c.dir/rosidl_typesupport_introspection_c/lslidar_msgs/msg/detail/lslidar_sweep__type_support.c.o[0m
[3.515s] [ 64%] [32mBuilding CXX object CMakeFiles/lslidar_msgs__rosidl_typesupport_fastrtps_c.dir/rosidl_typesupport_fastrtps_c/lslidar_msgs/msg/detail/lslidar_point__type_support_c.cpp.o[0m
[3.515s] [ 64%] [32mBuilding CXX object CMakeFiles/lslidar_msgs__rosidl_typesupport_fastrtps_c.dir/rosidl_typesupport_fastrtps_c/lslidar_msgs/msg/detail/lslidar_difop__type_support_c.cpp.o[0m
[3.517s] [ 66%] [32mBuilding CXX object CMakeFiles/lslidar_msgs__rosidl_typesupport_fastrtps_c.dir/rosidl_typesupport_fastrtps_c/lslidar_msgs/msg/detail/lslidar_packet__type_support_c.cpp.o[0m
[3.518s] [ 67%] [32mBuilding CXX object CMakeFiles/lslidar_msgs__rosidl_typesupport_fastrtps_c.dir/rosidl_typesupport_fastrtps_c/lslidar_msgs/msg/detail/lslidar_scan__type_support_c.cpp.o[0m
[3.527s] [ 68%] [32mBuilding CXX object CMakeFiles/lslidar_msgs__rosidl_typesupport_fastrtps_cpp.dir/rosidl_typesupport_fastrtps_cpp/lslidar_msgs/msg/detail/dds_fastrtps/lslidar_difop__type_support.cpp.o[0m
[3.537s] [ 70%] [32m[1mLinking C shared library liblslidar_msgs__rosidl_typesupport_introspection_c.so[0m
[3.576s] [ 70%] Built target lslidar_msgs__rosidl_typesupport_introspection_c
[3.586s] [ 71%] [32mBuilding CXX object CMakeFiles/lslidar_msgs__rosidl_typesupport_fastrtps_cpp.dir/rosidl_typesupport_fastrtps_cpp/lslidar_msgs/msg/detail/dds_fastrtps/lslidar_packet__type_support.cpp.o[0m
[3.709s] [ 72%] [32mBuilding CXX object CMakeFiles/lslidar_msgs__rosidl_typesupport_fastrtps_cpp.dir/rosidl_typesupport_fastrtps_cpp/lslidar_msgs/msg/detail/dds_fastrtps/lslidar_point__type_support.cpp.o[0m
[3.723s] [ 74%] [32mBuilding CXX object CMakeFiles/lslidar_msgs__rosidl_typesupport_fastrtps_cpp.dir/rosidl_typesupport_fastrtps_cpp/lslidar_msgs/msg/detail/dds_fastrtps/lslidar_scan__type_support.cpp.o[0m
[3.731s] [ 75%] [32mBuilding CXX object CMakeFiles/lslidar_msgs__rosidl_typesupport_fastrtps_cpp.dir/rosidl_typesupport_fastrtps_cpp/lslidar_msgs/msg/detail/dds_fastrtps/lslidar_sweep__type_support.cpp.o[0m
[3.732s] [ 77%] [32mBuilding CXX object CMakeFiles/lslidar_msgs__rosidl_typesupport_fastrtps_c.dir/rosidl_typesupport_fastrtps_c/lslidar_msgs/msg/detail/lslidar_sweep__type_support_c.cpp.o[0m
[3.740s] [ 78%] [32m[1mLinking CXX shared library liblslidar_msgs__rosidl_typesupport_cpp.so[0m
[3.778s] [ 78%] Built target lslidar_msgs__rosidl_typesupport_cpp
[3.822s] [ 79%] [32m[1mLinking CXX shared library liblslidar_msgs__rosidl_typesupport_introspection_cpp.so[0m
[3.879s] [ 79%] Built target lslidar_msgs__rosidl_typesupport_introspection_cpp
[4.151s] [ 81%] [32m[1mLinking CXX shared library liblslidar_msgs__rosidl_typesupport_fastrtps_c.so[0m
[4.170s] [ 82%] [32m[1mLinking CXX shared library liblslidar_msgs__rosidl_typesupport_fastrtps_cpp.so[0m
[4.187s] [ 82%] Built target lslidar_msgs__rosidl_typesupport_fastrtps_c
[4.221s] [ 82%] Built target lslidar_msgs__rosidl_typesupport_fastrtps_cpp
[4.236s] [ 82%] Built target lslidar_msgs
[4.249s] [ 83%] [34m[1mGenerating Python code for ROS interfaces[0m
[4.690s] [ 83%] Built target lslidar_msgs__py
[4.705s] [ 89%] [32mBuilding C object CMakeFiles/lslidar_msgs__rosidl_generator_py.dir/rosidl_generator_py/lslidar_msgs/msg/_lslidar_difop_s.c.o[0m
[4.705s] [ 87%] [32mBuilding C object CMakeFiles/lslidar_msgs__rosidl_generator_py.dir/rosidl_generator_py/lslidar_msgs/msg/_lslidar_packet_s.c.o[0m
[4.705s] [ 89%] [32mBuilding C object CMakeFiles/lslidar_msgs__rosidl_generator_py.dir/rosidl_generator_py/lslidar_msgs/msg/_lslidar_point_s.c.o[0m
[4.705s] [ 89%] [32mBuilding C object CMakeFiles/lslidar_msgs__rosidl_generator_py.dir/rosidl_generator_py/lslidar_msgs/msg/_lslidar_scan_s.c.o[0m
[4.705s] [ 90%] [32mBuilding C object CMakeFiles/lslidar_msgs__rosidl_generator_py.dir/rosidl_generator_py/lslidar_msgs/msg/_lslidar_sweep_s.c.o[0m
[4.832s] [ 91%] [32m[1mLinking C shared library liblslidar_msgs__rosidl_generator_py.so[0m
[4.864s] [ 91%] Built target lslidar_msgs__rosidl_generator_py
[4.878s] [ 95%] [32mBuilding C object CMakeFiles/lslidar_msgs_s__rosidl_typesupport_fastrtps_c.dir/rosidl_generator_py/lslidar_msgs/_lslidar_msgs_s.ep.rosidl_typesupport_fastrtps_c.c.o[0m
[4.878s] [ 95%] [32mBuilding C object CMakeFiles/lslidar_msgs_s__rosidl_typesupport_c.dir/rosidl_generator_py/lslidar_msgs/_lslidar_msgs_s.ep.rosidl_typesupport_c.c.o[0m
[4.878s] [ 95%] [32mBuilding C object CMakeFiles/lslidar_msgs_s__rosidl_typesupport_introspection_c.dir/rosidl_generator_py/lslidar_msgs/_lslidar_msgs_s.ep.rosidl_typesupport_introspection_c.c.o[0m
[4.957s] [ 98%] [32m[1mLinking C shared module rosidl_generator_py/lslidar_msgs/lslidar_msgs_s__rosidl_typesupport_introspection_c.so[0m
[4.957s] [ 98%] [32m[1mLinking C shared module rosidl_generator_py/lslidar_msgs/lslidar_msgs_s__rosidl_typesupport_c.so[0m
[4.957s] [100%] [32m[1mLinking C shared module rosidl_generator_py/lslidar_msgs/lslidar_msgs_s__rosidl_typesupport_fastrtps_c.so[0m
[4.978s] [100%] Built target lslidar_msgs_s__rosidl_typesupport_c
[4.979s] [100%] Built target lslidar_msgs_s__rosidl_typesupport_introspection_c
[4.979s] [100%] Built target lslidar_msgs_s__rosidl_typesupport_fastrtps_c
[4.987s] Invoked command in '/home/tungchiahui/UserFloder/mysource/CyberNaviRobot/ros2test_ws/build/lslidar_msgs' returned '0': CMAKE_PREFIX_PATH=${CMAKE_PREFIX_PATH}:/opt/ros/jazzy /usr/bin/cmake --build /home/tungchiahui/UserFloder/mysource/CyberNaviRobot/ros2test_ws/build/lslidar_msgs -- -j16 -l16
[4.993s] Invoking command in '/home/tungchiahui/UserFloder/mysource/CyberNaviRobot/ros2test_ws/build/lslidar_msgs': CMAKE_PREFIX_PATH=${CMAKE_PREFIX_PATH}:/opt/ros/jazzy /usr/bin/cmake --install /home/tungchiahui/UserFloder/mysource/CyberNaviRobot/ros2test_ws/build/lslidar_msgs
[4.999s] -- Install configuration: ""
[4.999s] -- Installing: /home/tungchiahui/UserFloder/mysource/CyberNaviRobot/ros2test_ws/install/lslidar_msgs/share/ament_index/resource_index/rosidl_interfaces/lslidar_msgs
[4.999s] -- Installing: /home/tungchiahui/UserFloder/mysource/CyberNaviRobot/ros2test_ws/install/lslidar_msgs/share/lslidar_msgs/msg/LslidarDifop.json
[4.999s] -- Installing: /home/tungchiahui/UserFloder/mysource/CyberNaviRobot/ros2test_ws/install/lslidar_msgs/share/lslidar_msgs/msg/LslidarPacket.json
[4.999s] -- Installing: /home/tungchiahui/UserFloder/mysource/CyberNaviRobot/ros2test_ws/install/lslidar_msgs/share/lslidar_msgs/msg/LslidarPoint.json
[4.999s] -- Installing: /home/tungchiahui/UserFloder/mysource/CyberNaviRobot/ros2test_ws/install/lslidar_msgs/share/lslidar_msgs/msg/LslidarScan.json
[4.999s] -- Installing: /home/tungchiahui/UserFloder/mysource/CyberNaviRobot/ros2test_ws/install/lslidar_msgs/share/lslidar_msgs/msg/LslidarSweep.json
[4.999s] -- Installing: /home/tungchiahui/UserFloder/mysource/CyberNaviRobot/ros2test_ws/install/lslidar_msgs/include/lslidar_msgs/lslidar_msgs
[4.999s] -- Installing: /home/tungchiahui/UserFloder/mysource/CyberNaviRobot/ros2test_ws/install/lslidar_msgs/include/lslidar_msgs/lslidar_msgs/msg
[4.999s] -- Installing: /home/tungchiahui/UserFloder/mysource/CyberNaviRobot/ros2test_ws/install/lslidar_msgs/include/lslidar_msgs/lslidar_msgs/msg/rosidl_generator_c__visibility_control.h
[4.999s] -- Installing: /home/tungchiahui/UserFloder/mysource/CyberNaviRobot/ros2test_ws/install/lslidar_msgs/include/lslidar_msgs/lslidar_msgs/msg/lslidar_difop.h
[4.999s] -- Installing: /home/tungchiahui/UserFloder/mysource/CyberNaviRobot/ros2test_ws/install/lslidar_msgs/include/lslidar_msgs/lslidar_msgs/msg/detail
[4.999s] -- Installing: /home/tungchiahui/UserFloder/mysource/CyberNaviRobot/ros2test_ws/install/lslidar_msgs/include/lslidar_msgs/lslidar_msgs/msg/detail/lslidar_difop__description.c
[4.999s] -- Installing: /home/tungchiahui/UserFloder/mysource/CyberNaviRobot/ros2test_ws/install/lslidar_msgs/include/lslidar_msgs/lslidar_msgs/msg/detail/lslidar_difop__functions.c
[5.000s] -- Installing: /home/tungchiahui/UserFloder/mysource/CyberNaviRobot/ros2test_ws/install/lslidar_msgs/include/lslidar_msgs/lslidar_msgs/msg/detail/lslidar_difop__functions.h
[5.000s] -- Installing: /home/tungchiahui/UserFloder/mysource/CyberNaviRobot/ros2test_ws/install/lslidar_msgs/include/lslidar_msgs/lslidar_msgs/msg/detail/lslidar_difop__struct.h
[5.000s] -- Installing: /home/tungchiahui/UserFloder/mysource/CyberNaviRobot/ros2test_ws/install/lslidar_msgs/include/lslidar_msgs/lslidar_msgs/msg/detail/lslidar_difop__type_support.c
[5.000s] -- Installing: /home/tungchiahui/UserFloder/mysource/CyberNaviRobot/ros2test_ws/install/lslidar_msgs/include/lslidar_msgs/lslidar_msgs/msg/detail/lslidar_difop__type_support.h
[5.000s] -- Installing: /home/tungchiahui/UserFloder/mysource/CyberNaviRobot/ros2test_ws/install/lslidar_msgs/include/lslidar_msgs/lslidar_msgs/msg/detail/lslidar_packet__description.c
[5.000s] -- Installing: /home/tungchiahui/UserFloder/mysource/CyberNaviRobot/ros2test_ws/install/lslidar_msgs/include/lslidar_msgs/lslidar_msgs/msg/detail/lslidar_packet__functions.c
[5.000s] -- Installing: /home/tungchiahui/UserFloder/mysource/CyberNaviRobot/ros2test_ws/install/lslidar_msgs/include/lslidar_msgs/lslidar_msgs/msg/detail/lslidar_packet__functions.h
[5.000s] -- Installing: /home/tungchiahui/UserFloder/mysource/CyberNaviRobot/ros2test_ws/install/lslidar_msgs/include/lslidar_msgs/lslidar_msgs/msg/detail/lslidar_packet__struct.h
[5.000s] -- Installing: /home/tungchiahui/UserFloder/mysource/CyberNaviRobot/ros2test_ws/install/lslidar_msgs/include/lslidar_msgs/lslidar_msgs/msg/detail/lslidar_packet__type_support.c
[5.000s] -- Installing: /home/tungchiahui/UserFloder/mysource/CyberNaviRobot/ros2test_ws/install/lslidar_msgs/include/lslidar_msgs/lslidar_msgs/msg/detail/lslidar_packet__type_support.h
[5.000s] -- Installing: /home/tungchiahui/UserFloder/mysource/CyberNaviRobot/ros2test_ws/install/lslidar_msgs/include/lslidar_msgs/lslidar_msgs/msg/detail/lslidar_point__description.c
[5.000s] -- Installing: /home/tungchiahui/UserFloder/mysource/CyberNaviRobot/ros2test_ws/install/lslidar_msgs/include/lslidar_msgs/lslidar_msgs/msg/detail/lslidar_point__functions.c
[5.000s] -- Installing: /home/tungchiahui/UserFloder/mysource/CyberNaviRobot/ros2test_ws/install/lslidar_msgs/include/lslidar_msgs/lslidar_msgs/msg/detail/lslidar_point__functions.h
[5.000s] -- Installing: /home/tungchiahui/UserFloder/mysource/CyberNaviRobot/ros2test_ws/install/lslidar_msgs/include/lslidar_msgs/lslidar_msgs/msg/detail/lslidar_point__struct.h
[5.000s] -- Installing: /home/tungchiahui/UserFloder/mysource/CyberNaviRobot/ros2test_ws/install/lslidar_msgs/include/lslidar_msgs/lslidar_msgs/msg/detail/lslidar_point__type_support.c
[5.000s] -- Installing: /home/tungchiahui/UserFloder/mysource/CyberNaviRobot/ros2test_ws/install/lslidar_msgs/include/lslidar_msgs/lslidar_msgs/msg/detail/lslidar_point__type_support.h
[5.000s] -- Installing: /home/tungchiahui/UserFloder/mysource/CyberNaviRobot/ros2test_ws/install/lslidar_msgs/include/lslidar_msgs/lslidar_msgs/msg/detail/lslidar_scan__description.c
[5.001s] -- Installing: /home/tungchiahui/UserFloder/mysource/CyberNaviRobot/ros2test_ws/install/lslidar_msgs/include/lslidar_msgs/lslidar_msgs/msg/detail/lslidar_scan__functions.c
[5.001s] -- Installing: /home/tungchiahui/UserFloder/mysource/CyberNaviRobot/ros2test_ws/install/lslidar_msgs/include/lslidar_msgs/lslidar_msgs/msg/detail/lslidar_scan__functions.h
[5.001s] -- Installing: /home/tungchiahui/UserFloder/mysource/CyberNaviRobot/ros2test_ws/install/lslidar_msgs/include/lslidar_msgs/lslidar_msgs/msg/detail/lslidar_scan__struct.h
[5.001s] -- Installing: /home/tungchiahui/UserFloder/mysource/CyberNaviRobot/ros2test_ws/install/lslidar_msgs/include/lslidar_msgs/lslidar_msgs/msg/detail/lslidar_scan__type_support.c
[5.001s] -- Installing: /home/tungchiahui/UserFloder/mysource/CyberNaviRobot/ros2test_ws/install/lslidar_msgs/include/lslidar_msgs/lslidar_msgs/msg/detail/lslidar_scan__type_support.h
[5.001s] -- Installing: /home/tungchiahui/UserFloder/mysource/CyberNaviRobot/ros2test_ws/install/lslidar_msgs/include/lslidar_msgs/lslidar_msgs/msg/detail/lslidar_sweep__description.c
[5.001s] -- Installing: /home/tungchiahui/UserFloder/mysource/CyberNaviRobot/ros2test_ws/install/lslidar_msgs/include/lslidar_msgs/lslidar_msgs/msg/detail/lslidar_sweep__functions.c
[5.001s] -- Installing: /home/tungchiahui/UserFloder/mysource/CyberNaviRobot/ros2test_ws/install/lslidar_msgs/include/lslidar_msgs/lslidar_msgs/msg/detail/lslidar_sweep__functions.h
[5.001s] -- Installing: /home/tungchiahui/UserFloder/mysource/CyberNaviRobot/ros2test_ws/install/lslidar_msgs/include/lslidar_msgs/lslidar_msgs/msg/detail/lslidar_sweep__struct.h
[5.001s] -- Installing: /home/tungchiahui/UserFloder/mysource/CyberNaviRobot/ros2test_ws/install/lslidar_msgs/include/lslidar_msgs/lslidar_msgs/msg/detail/lslidar_sweep__type_support.c
[5.001s] -- Installing: /home/tungchiahui/UserFloder/mysource/CyberNaviRobot/ros2test_ws/install/lslidar_msgs/include/lslidar_msgs/lslidar_msgs/msg/detail/lslidar_sweep__type_support.h
[5.001s] -- Installing: /home/tungchiahui/UserFloder/mysource/CyberNaviRobot/ros2test_ws/install/lslidar_msgs/include/lslidar_msgs/lslidar_msgs/msg/lslidar_packet.h
[5.001s] -- Installing: /home/tungchiahui/UserFloder/mysource/CyberNaviRobot/ros2test_ws/install/lslidar_msgs/include/lslidar_msgs/lslidar_msgs/msg/lslidar_point.h
[5.001s] -- Installing: /home/tungchiahui/UserFloder/mysource/CyberNaviRobot/ros2test_ws/install/lslidar_msgs/include/lslidar_msgs/lslidar_msgs/msg/lslidar_scan.h
[5.001s] -- Installing: /home/tungchiahui/UserFloder/mysource/CyberNaviRobot/ros2test_ws/install/lslidar_msgs/include/lslidar_msgs/lslidar_msgs/msg/lslidar_sweep.h
[5.001s] -- Installing: /home/tungchiahui/UserFloder/mysource/CyberNaviRobot/ros2test_ws/install/lslidar_msgs/share/lslidar_msgs/environment/library_path.sh
[5.001s] -- Installing: /home/tungchiahui/UserFloder/mysource/CyberNaviRobot/ros2test_ws/install/lslidar_msgs/share/lslidar_msgs/environment/library_path.dsv
[5.001s] -- Installing: /home/tungchiahui/UserFloder/mysource/CyberNaviRobot/ros2test_ws/install/lslidar_msgs/lib/liblslidar_msgs__rosidl_generator_c.so
[5.002s] -- Set non-toolchain portion of runtime path of "/home/tungchiahui/UserFloder/mysource/CyberNaviRobot/ros2test_ws/install/lslidar_msgs/lib/liblslidar_msgs__rosidl_generator_c.so" to ""
[5.002s] -- Up-to-date: /home/tungchiahui/UserFloder/mysource/CyberNaviRobot/ros2test_ws/install/lslidar_msgs/include/lslidar_msgs/lslidar_msgs
[5.002s] -- Up-to-date: /home/tungchiahui/UserFloder/mysource/CyberNaviRobot/ros2test_ws/install/lslidar_msgs/include/lslidar_msgs/lslidar_msgs/msg
[5.002s] -- Installing: /home/tungchiahui/UserFloder/mysource/CyberNaviRobot/ros2test_ws/install/lslidar_msgs/include/lslidar_msgs/lslidar_msgs/msg/rosidl_typesupport_fastrtps_c__visibility_control.h
[5.002s] -- Up-to-date: /home/tungchiahui/UserFloder/mysource/CyberNaviRobot/ros2test_ws/install/lslidar_msgs/include/lslidar_msgs/lslidar_msgs/msg/detail
[5.002s] -- Installing: /home/tungchiahui/UserFloder/mysource/CyberNaviRobot/ros2test_ws/install/lslidar_msgs/include/lslidar_msgs/lslidar_msgs/msg/detail/lslidar_difop__rosidl_typesupport_fastrtps_c.h
[5.002s] -- Installing: /home/tungchiahui/UserFloder/mysource/CyberNaviRobot/ros2test_ws/install/lslidar_msgs/include/lslidar_msgs/lslidar_msgs/msg/detail/lslidar_packet__rosidl_typesupport_fastrtps_c.h
[5.002s] -- Installing: /home/tungchiahui/UserFloder/mysource/CyberNaviRobot/ros2test_ws/install/lslidar_msgs/include/lslidar_msgs/lslidar_msgs/msg/detail/lslidar_point__rosidl_typesupport_fastrtps_c.h
[5.002s] -- Installing: /home/tungchiahui/UserFloder/mysource/CyberNaviRobot/ros2test_ws/install/lslidar_msgs/include/lslidar_msgs/lslidar_msgs/msg/detail/lslidar_scan__rosidl_typesupport_fastrtps_c.h
[5.002s] -- Installing: /home/tungchiahui/UserFloder/mysource/CyberNaviRobot/ros2test_ws/install/lslidar_msgs/include/lslidar_msgs/lslidar_msgs/msg/detail/lslidar_sweep__rosidl_typesupport_fastrtps_c.h
[5.002s] -- Installing: /home/tungchiahui/UserFloder/mysource/CyberNaviRobot/ros2test_ws/install/lslidar_msgs/lib/liblslidar_msgs__rosidl_typesupport_fastrtps_c.so
[5.003s] -- Set non-toolchain portion of runtime path of "/home/tungchiahui/UserFloder/mysource/CyberNaviRobot/ros2test_ws/install/lslidar_msgs/lib/liblslidar_msgs__rosidl_typesupport_fastrtps_c.so" to ""
[5.003s] -- Up-to-date: /home/tungchiahui/UserFloder/mysource/CyberNaviRobot/ros2test_ws/install/lslidar_msgs/include/lslidar_msgs/lslidar_msgs
[5.003s] -- Up-to-date: /home/tungchiahui/UserFloder/mysource/CyberNaviRobot/ros2test_ws/install/lslidar_msgs/include/lslidar_msgs/lslidar_msgs/msg
[5.003s] -- Installing: /home/tungchiahui/UserFloder/mysource/CyberNaviRobot/ros2test_ws/install/lslidar_msgs/include/lslidar_msgs/lslidar_msgs/msg/rosidl_generator_cpp__visibility_control.hpp
[5.003s] -- Installing: /home/tungchiahui/UserFloder/mysource/CyberNaviRobot/ros2test_ws/install/lslidar_msgs/include/lslidar_msgs/lslidar_msgs/msg/lslidar_difop.hpp
[5.003s] -- Up-to-date: /home/tungchiahui/UserFloder/mysource/CyberNaviRobot/ros2test_ws/install/lslidar_msgs/include/lslidar_msgs/lslidar_msgs/msg/detail
[5.003s] -- Installing: /home/tungchiahui/UserFloder/mysource/CyberNaviRobot/ros2test_ws/install/lslidar_msgs/include/lslidar_msgs/lslidar_msgs/msg/detail/lslidar_difop__builder.hpp
[5.003s] -- Installing: /home/tungchiahui/UserFloder/mysource/CyberNaviRobot/ros2test_ws/install/lslidar_msgs/include/lslidar_msgs/lslidar_msgs/msg/detail/lslidar_difop__struct.hpp
[5.003s] -- Installing: /home/tungchiahui/UserFloder/mysource/CyberNaviRobot/ros2test_ws/install/lslidar_msgs/include/lslidar_msgs/lslidar_msgs/msg/detail/lslidar_difop__traits.hpp
[5.003s] -- Installing: /home/tungchiahui/UserFloder/mysource/CyberNaviRobot/ros2test_ws/install/lslidar_msgs/include/lslidar_msgs/lslidar_msgs/msg/detail/lslidar_difop__type_support.hpp
[5.003s] -- Installing: /home/tungchiahui/UserFloder/mysource/CyberNaviRobot/ros2test_ws/install/lslidar_msgs/include/lslidar_msgs/lslidar_msgs/msg/detail/lslidar_packet__builder.hpp
[5.003s] -- Installing: /home/tungchiahui/UserFloder/mysource/CyberNaviRobot/ros2test_ws/install/lslidar_msgs/include/lslidar_msgs/lslidar_msgs/msg/detail/lslidar_packet__struct.hpp
[5.003s] -- Installing: /home/tungchiahui/UserFloder/mysource/CyberNaviRobot/ros2test_ws/install/lslidar_msgs/include/lslidar_msgs/lslidar_msgs/msg/detail/lslidar_packet__traits.hpp
[5.003s] -- Installing: /home/tungchiahui/UserFloder/mysource/CyberNaviRobot/ros2test_ws/install/lslidar_msgs/include/lslidar_msgs/lslidar_msgs/msg/detail/lslidar_packet__type_support.hpp
[5.003s] -- Installing: /home/tungchiahui/UserFloder/mysource/CyberNaviRobot/ros2test_ws/install/lslidar_msgs/include/lslidar_msgs/lslidar_msgs/msg/detail/lslidar_point__builder.hpp
[5.003s] -- Installing: /home/tungchiahui/UserFloder/mysource/CyberNaviRobot/ros2test_ws/install/lslidar_msgs/include/lslidar_msgs/lslidar_msgs/msg/detail/lslidar_point__struct.hpp
[5.004s] -- Installing: /home/tungchiahui/UserFloder/mysource/CyberNaviRobot/ros2test_ws/install/lslidar_msgs/include/lslidar_msgs/lslidar_msgs/msg/detail/lslidar_point__traits.hpp
[5.004s] -- Installing: /home/tungchiahui/UserFloder/mysource/CyberNaviRobot/ros2test_ws/install/lslidar_msgs/include/lslidar_msgs/lslidar_msgs/msg/detail/lslidar_point__type_support.hpp
[5.004s] -- Installing: /home/tungchiahui/UserFloder/mysource/CyberNaviRobot/ros2test_ws/install/lslidar_msgs/include/lslidar_msgs/lslidar_msgs/msg/detail/lslidar_scan__builder.hpp
[5.004s] -- Installing: /home/tungchiahui/UserFloder/mysource/CyberNaviRobot/ros2test_ws/install/lslidar_msgs/include/lslidar_msgs/lslidar_msgs/msg/detail/lslidar_scan__struct.hpp
[5.004s] -- Installing: /home/tungchiahui/UserFloder/mysource/CyberNaviRobot/ros2test_ws/install/lslidar_msgs/include/lslidar_msgs/lslidar_msgs/msg/detail/lslidar_scan__traits.hpp
[5.004s] -- Installing: /home/tungchiahui/UserFloder/mysource/CyberNaviRobot/ros2test_ws/install/lslidar_msgs/include/lslidar_msgs/lslidar_msgs/msg/detail/lslidar_scan__type_support.hpp
[5.004s] -- Installing: /home/tungchiahui/UserFloder/mysource/CyberNaviRobot/ros2test_ws/install/lslidar_msgs/include/lslidar_msgs/lslidar_msgs/msg/detail/lslidar_sweep__builder.hpp
[5.004s] -- Installing: /home/tungchiahui/UserFloder/mysource/CyberNaviRobot/ros2test_ws/install/lslidar_msgs/include/lslidar_msgs/lslidar_msgs/msg/detail/lslidar_sweep__struct.hpp
[5.004s] -- Installing: /home/tungchiahui/UserFloder/mysource/CyberNaviRobot/ros2test_ws/install/lslidar_msgs/include/lslidar_msgs/lslidar_msgs/msg/detail/lslidar_sweep__traits.hpp
[5.004s] -- Installing: /home/tungchiahui/UserFloder/mysource/CyberNaviRobot/ros2test_ws/install/lslidar_msgs/include/lslidar_msgs/lslidar_msgs/msg/detail/lslidar_sweep__type_support.hpp
[5.004s] -- Installing: /home/tungchiahui/UserFloder/mysource/CyberNaviRobot/ros2test_ws/install/lslidar_msgs/include/lslidar_msgs/lslidar_msgs/msg/lslidar_packet.hpp
[5.004s] -- Installing: /home/tungchiahui/UserFloder/mysource/CyberNaviRobot/ros2test_ws/install/lslidar_msgs/include/lslidar_msgs/lslidar_msgs/msg/lslidar_point.hpp
[5.004s] -- Installing: /home/tungchiahui/UserFloder/mysource/CyberNaviRobot/ros2test_ws/install/lslidar_msgs/include/lslidar_msgs/lslidar_msgs/msg/lslidar_scan.hpp
[5.004s] -- Installing: /home/tungchiahui/UserFloder/mysource/CyberNaviRobot/ros2test_ws/install/lslidar_msgs/include/lslidar_msgs/lslidar_msgs/msg/lslidar_sweep.hpp
[5.004s] -- Up-to-date: /home/tungchiahui/UserFloder/mysource/CyberNaviRobot/ros2test_ws/install/lslidar_msgs/include/lslidar_msgs/lslidar_msgs
[5.004s] -- Up-to-date: /home/tungchiahui/UserFloder/mysource/CyberNaviRobot/ros2test_ws/install/lslidar_msgs/include/lslidar_msgs/lslidar_msgs/msg
[5.004s] -- Installing: /home/tungchiahui/UserFloder/mysource/CyberNaviRobot/ros2test_ws/install/lslidar_msgs/include/lslidar_msgs/lslidar_msgs/msg/rosidl_typesupport_fastrtps_cpp__visibility_control.h
[5.004s] -- Up-to-date: /home/tungchiahui/UserFloder/mysource/CyberNaviRobot/ros2test_ws/install/lslidar_msgs/include/lslidar_msgs/lslidar_msgs/msg/detail
[5.005s] -- Installing: /home/tungchiahui/UserFloder/mysource/CyberNaviRobot/ros2test_ws/install/lslidar_msgs/include/lslidar_msgs/lslidar_msgs/msg/detail/lslidar_difop__rosidl_typesupport_fastrtps_cpp.hpp
[5.005s] -- Installing: /home/tungchiahui/UserFloder/mysource/CyberNaviRobot/ros2test_ws/install/lslidar_msgs/include/lslidar_msgs/lslidar_msgs/msg/detail/dds_fastrtps
[5.005s] -- Installing: /home/tungchiahui/UserFloder/mysource/CyberNaviRobot/ros2test_ws/install/lslidar_msgs/include/lslidar_msgs/lslidar_msgs/msg/detail/lslidar_packet__rosidl_typesupport_fastrtps_cpp.hpp
[5.005s] -- Installing: /home/tungchiahui/UserFloder/mysource/CyberNaviRobot/ros2test_ws/install/lslidar_msgs/include/lslidar_msgs/lslidar_msgs/msg/detail/lslidar_point__rosidl_typesupport_fastrtps_cpp.hpp
[5.005s] -- Installing: /home/tungchiahui/UserFloder/mysource/CyberNaviRobot/ros2test_ws/install/lslidar_msgs/include/lslidar_msgs/lslidar_msgs/msg/detail/lslidar_scan__rosidl_typesupport_fastrtps_cpp.hpp
[5.005s] -- Installing: /home/tungchiahui/UserFloder/mysource/CyberNaviRobot/ros2test_ws/install/lslidar_msgs/include/lslidar_msgs/lslidar_msgs/msg/detail/lslidar_sweep__rosidl_typesupport_fastrtps_cpp.hpp
[5.005s] -- Installing: /home/tungchiahui/UserFloder/mysource/CyberNaviRobot/ros2test_ws/install/lslidar_msgs/lib/liblslidar_msgs__rosidl_typesupport_fastrtps_cpp.so
[5.005s] -- Set non-toolchain portion of runtime path of "/home/tungchiahui/UserFloder/mysource/CyberNaviRobot/ros2test_ws/install/lslidar_msgs/lib/liblslidar_msgs__rosidl_typesupport_fastrtps_cpp.so" to ""
[5.005s] -- Up-to-date: /home/tungchiahui/UserFloder/mysource/CyberNaviRobot/ros2test_ws/install/lslidar_msgs/include/lslidar_msgs/lslidar_msgs
[5.005s] -- Up-to-date: /home/tungchiahui/UserFloder/mysource/CyberNaviRobot/ros2test_ws/install/lslidar_msgs/include/lslidar_msgs/lslidar_msgs/msg
[5.005s] -- Installing: /home/tungchiahui/UserFloder/mysource/CyberNaviRobot/ros2test_ws/install/lslidar_msgs/include/lslidar_msgs/lslidar_msgs/msg/rosidl_typesupport_introspection_c__visibility_control.h
[5.005s] -- Up-to-date: /home/tungchiahui/UserFloder/mysource/CyberNaviRobot/ros2test_ws/install/lslidar_msgs/include/lslidar_msgs/lslidar_msgs/msg/detail
[5.005s] -- Installing: /home/tungchiahui/UserFloder/mysource/CyberNaviRobot/ros2test_ws/install/lslidar_msgs/include/lslidar_msgs/lslidar_msgs/msg/detail/lslidar_difop__rosidl_typesupport_introspection_c.h
[5.005s] -- Up-to-date: /home/tungchiahui/UserFloder/mysource/CyberNaviRobot/ros2test_ws/install/lslidar_msgs/include/lslidar_msgs/lslidar_msgs/msg/detail/lslidar_difop__type_support.c
[5.005s] -- Installing: /home/tungchiahui/UserFloder/mysource/CyberNaviRobot/ros2test_ws/install/lslidar_msgs/include/lslidar_msgs/lslidar_msgs/msg/detail/lslidar_packet__rosidl_typesupport_introspection_c.h
[5.005s] -- Up-to-date: /home/tungchiahui/UserFloder/mysource/CyberNaviRobot/ros2test_ws/install/lslidar_msgs/include/lslidar_msgs/lslidar_msgs/msg/detail/lslidar_packet__type_support.c
[5.006s] -- Installing: /home/tungchiahui/UserFloder/mysource/CyberNaviRobot/ros2test_ws/install/lslidar_msgs/include/lslidar_msgs/lslidar_msgs/msg/detail/lslidar_point__rosidl_typesupport_introspection_c.h
[5.006s] -- Up-to-date: /home/tungchiahui/UserFloder/mysource/CyberNaviRobot/ros2test_ws/install/lslidar_msgs/include/lslidar_msgs/lslidar_msgs/msg/detail/lslidar_point__type_support.c
[5.006s] -- Installing: /home/tungchiahui/UserFloder/mysource/CyberNaviRobot/ros2test_ws/install/lslidar_msgs/include/lslidar_msgs/lslidar_msgs/msg/detail/lslidar_scan__rosidl_typesupport_introspection_c.h
[5.006s] -- Up-to-date: /home/tungchiahui/UserFloder/mysource/CyberNaviRobot/ros2test_ws/install/lslidar_msgs/include/lslidar_msgs/lslidar_msgs/msg/detail/lslidar_scan__type_support.c
[5.006s] -- Installing: /home/tungchiahui/UserFloder/mysource/CyberNaviRobot/ros2test_ws/install/lslidar_msgs/include/lslidar_msgs/lslidar_msgs/msg/detail/lslidar_sweep__rosidl_typesupport_introspection_c.h
[5.006s] -- Up-to-date: /home/tungchiahui/UserFloder/mysource/CyberNaviRobot/ros2test_ws/install/lslidar_msgs/include/lslidar_msgs/lslidar_msgs/msg/detail/lslidar_sweep__type_support.c
[5.006s] -- Installing: /home/tungchiahui/UserFloder/mysource/CyberNaviRobot/ros2test_ws/install/lslidar_msgs/lib/liblslidar_msgs__rosidl_typesupport_introspection_c.so
[5.006s] -- Set non-toolchain portion of runtime path of "/home/tungchiahui/UserFloder/mysource/CyberNaviRobot/ros2test_ws/install/lslidar_msgs/lib/liblslidar_msgs__rosidl_typesupport_introspection_c.so" to ""
[5.006s] -- Installing: /home/tungchiahui/UserFloder/mysource/CyberNaviRobot/ros2test_ws/install/lslidar_msgs/lib/liblslidar_msgs__rosidl_typesupport_c.so
[5.006s] -- Set non-toolchain portion of runtime path of "/home/tungchiahui/UserFloder/mysource/CyberNaviRobot/ros2test_ws/install/lslidar_msgs/lib/liblslidar_msgs__rosidl_typesupport_c.so" to ""
[5.006s] -- Up-to-date: /home/tungchiahui/UserFloder/mysource/CyberNaviRobot/ros2test_ws/install/lslidar_msgs/include/lslidar_msgs/lslidar_msgs
[5.006s] -- Up-to-date: /home/tungchiahui/UserFloder/mysource/CyberNaviRobot/ros2test_ws/install/lslidar_msgs/include/lslidar_msgs/lslidar_msgs/msg
[5.006s] -- Up-to-date: /home/tungchiahui/UserFloder/mysource/CyberNaviRobot/ros2test_ws/install/lslidar_msgs/include/lslidar_msgs/lslidar_msgs/msg/detail
[5.006s] -- Installing: /home/tungchiahui/UserFloder/mysource/CyberNaviRobot/ros2test_ws/install/lslidar_msgs/include/lslidar_msgs/lslidar_msgs/msg/detail/lslidar_difop__rosidl_typesupport_introspection_cpp.hpp
[5.006s] -- Installing: /home/tungchiahui/UserFloder/mysource/CyberNaviRobot/ros2test_ws/install/lslidar_msgs/include/lslidar_msgs/lslidar_msgs/msg/detail/lslidar_difop__type_support.cpp
[5.006s] -- Installing: /home/tungchiahui/UserFloder/mysource/CyberNaviRobot/ros2test_ws/install/lslidar_msgs/include/lslidar_msgs/lslidar_msgs/msg/detail/lslidar_packet__rosidl_typesupport_introspection_cpp.hpp
[5.007s] -- Installing: /home/tungchiahui/UserFloder/mysource/CyberNaviRobot/ros2test_ws/install/lslidar_msgs/include/lslidar_msgs/lslidar_msgs/msg/detail/lslidar_packet__type_support.cpp
[5.007s] -- Installing: /home/tungchiahui/UserFloder/mysource/CyberNaviRobot/ros2test_ws/install/lslidar_msgs/include/lslidar_msgs/lslidar_msgs/msg/detail/lslidar_point__rosidl_typesupport_introspection_cpp.hpp
[5.007s] -- Installing: /home/tungchiahui/UserFloder/mysource/CyberNaviRobot/ros2test_ws/install/lslidar_msgs/include/lslidar_msgs/lslidar_msgs/msg/detail/lslidar_point__type_support.cpp
[5.007s] -- Installing: /home/tungchiahui/UserFloder/mysource/CyberNaviRobot/ros2test_ws/install/lslidar_msgs/include/lslidar_msgs/lslidar_msgs/msg/detail/lslidar_scan__rosidl_typesupport_introspection_cpp.hpp
[5.007s] -- Installing: /home/tungchiahui/UserFloder/mysource/CyberNaviRobot/ros2test_ws/install/lslidar_msgs/include/lslidar_msgs/lslidar_msgs/msg/detail/lslidar_scan__type_support.cpp
[5.007s] -- Installing: /home/tungchiahui/UserFloder/mysource/CyberNaviRobot/ros2test_ws/install/lslidar_msgs/include/lslidar_msgs/lslidar_msgs/msg/detail/lslidar_sweep__rosidl_typesupport_introspection_cpp.hpp
[5.007s] -- Installing: /home/tungchiahui/UserFloder/mysource/CyberNaviRobot/ros2test_ws/install/lslidar_msgs/include/lslidar_msgs/lslidar_msgs/msg/detail/lslidar_sweep__type_support.cpp
[5.007s] -- Installing: /home/tungchiahui/UserFloder/mysource/CyberNaviRobot/ros2test_ws/install/lslidar_msgs/lib/liblslidar_msgs__rosidl_typesupport_introspection_cpp.so
[5.008s] -- Set non-toolchain portion of runtime path of "/home/tungchiahui/UserFloder/mysource/CyberNaviRobot/ros2test_ws/install/lslidar_msgs/lib/liblslidar_msgs__rosidl_typesupport_introspection_cpp.so" to ""
[5.008s] -- Installing: /home/tungchiahui/UserFloder/mysource/CyberNaviRobot/ros2test_ws/install/lslidar_msgs/lib/liblslidar_msgs__rosidl_typesupport_cpp.so
[5.008s] -- Set non-toolchain portion of runtime path of "/home/tungchiahui/UserFloder/mysource/CyberNaviRobot/ros2test_ws/install/lslidar_msgs/lib/liblslidar_msgs__rosidl_typesupport_cpp.so" to ""
[5.008s] -- Installing: /home/tungchiahui/UserFloder/mysource/CyberNaviRobot/ros2test_ws/install/lslidar_msgs/share/lslidar_msgs/environment/pythonpath.sh
[5.008s] -- Installing: /home/tungchiahui/UserFloder/mysource/CyberNaviRobot/ros2test_ws/install/lslidar_msgs/share/lslidar_msgs/environment/pythonpath.dsv
[5.008s] -- Installing: /home/tungchiahui/UserFloder/mysource/CyberNaviRobot/ros2test_ws/install/lslidar_msgs/lib/python3.12/site-packages/lslidar_msgs-1.2.0-py3.12.egg-info
[5.008s] -- Installing: /home/tungchiahui/UserFloder/mysource/CyberNaviRobot/ros2test_ws/install/lslidar_msgs/lib/python3.12/site-packages/lslidar_msgs-1.2.0-py3.12.egg-info/PKG-INFO
[5.008s] -- Installing: /home/tungchiahui/UserFloder/mysource/CyberNaviRobot/ros2test_ws/install/lslidar_msgs/lib/python3.12/site-packages/lslidar_msgs-1.2.0-py3.12.egg-info/dependency_links.txt
[5.008s] -- Installing: /home/tungchiahui/UserFloder/mysource/CyberNaviRobot/ros2test_ws/install/lslidar_msgs/lib/python3.12/site-packages/lslidar_msgs-1.2.0-py3.12.egg-info/top_level.txt
[5.008s] -- Installing: /home/tungchiahui/UserFloder/mysource/CyberNaviRobot/ros2test_ws/install/lslidar_msgs/lib/python3.12/site-packages/lslidar_msgs-1.2.0-py3.12.egg-info/SOURCES.txt
[5.008s] -- Installing: /home/tungchiahui/UserFloder/mysource/CyberNaviRobot/ros2test_ws/install/lslidar_msgs/lib/python3.12/site-packages/lslidar_msgs
[5.008s] -- Installing: /home/tungchiahui/UserFloder/mysource/CyberNaviRobot/ros2test_ws/install/lslidar_msgs/lib/python3.12/site-packages/lslidar_msgs/__init__.py
[5.008s] -- Installing: /home/tungchiahui/UserFloder/mysource/CyberNaviRobot/ros2test_ws/install/lslidar_msgs/lib/python3.12/site-packages/lslidar_msgs/msg
[5.008s] -- Installing: /home/tungchiahui/UserFloder/mysource/CyberNaviRobot/ros2test_ws/install/lslidar_msgs/lib/python3.12/site-packages/lslidar_msgs/msg/_lslidar_difop.py
[5.009s] -- Installing: /home/tungchiahui/UserFloder/mysource/CyberNaviRobot/ros2test_ws/install/lslidar_msgs/lib/python3.12/site-packages/lslidar_msgs/msg/_lslidar_difop_s.c
[5.009s] -- Installing: /home/tungchiahui/UserFloder/mysource/CyberNaviRobot/ros2test_ws/install/lslidar_msgs/lib/python3.12/site-packages/lslidar_msgs/msg/_lslidar_packet.py
[5.009s] -- Installing: /home/tungchiahui/UserFloder/mysource/CyberNaviRobot/ros2test_ws/install/lslidar_msgs/lib/python3.12/site-packages/lslidar_msgs/msg/_lslidar_packet_s.c
[5.009s] -- Installing: /home/tungchiahui/UserFloder/mysource/CyberNaviRobot/ros2test_ws/install/lslidar_msgs/lib/python3.12/site-packages/lslidar_msgs/msg/_lslidar_point.py
[5.009s] -- Installing: /home/tungchiahui/UserFloder/mysource/CyberNaviRobot/ros2test_ws/install/lslidar_msgs/lib/python3.12/site-packages/lslidar_msgs/msg/_lslidar_point_s.c
[5.009s] -- Installing: /home/tungchiahui/UserFloder/mysource/CyberNaviRobot/ros2test_ws/install/lslidar_msgs/lib/python3.12/site-packages/lslidar_msgs/msg/_lslidar_scan.py
[5.009s] -- Installing: /home/tungchiahui/UserFloder/mysource/CyberNaviRobot/ros2test_ws/install/lslidar_msgs/lib/python3.12/site-packages/lslidar_msgs/msg/_lslidar_scan_s.c
[5.009s] -- Installing: /home/tungchiahui/UserFloder/mysource/CyberNaviRobot/ros2test_ws/install/lslidar_msgs/lib/python3.12/site-packages/lslidar_msgs/msg/_lslidar_sweep.py
[5.009s] -- Installing: /home/tungchiahui/UserFloder/mysource/CyberNaviRobot/ros2test_ws/install/lslidar_msgs/lib/python3.12/site-packages/lslidar_msgs/msg/_lslidar_sweep_s.c
[5.009s] -- Installing: /home/tungchiahui/UserFloder/mysource/CyberNaviRobot/ros2test_ws/install/lslidar_msgs/lib/python3.12/site-packages/lslidar_msgs/msg/__init__.py
[5.009s] -- Installing: /home/tungchiahui/UserFloder/mysource/CyberNaviRobot/ros2test_ws/install/lslidar_msgs/lib/python3.12/site-packages/lslidar_msgs/_lslidar_msgs_s.ep.rosidl_typesupport_fastrtps_c.c
[5.009s] -- Installing: /home/tungchiahui/UserFloder/mysource/CyberNaviRobot/ros2test_ws/install/lslidar_msgs/lib/python3.12/site-packages/lslidar_msgs/_lslidar_msgs_s.ep.rosidl_typesupport_introspection_c.c
[5.010s] -- Installing: /home/tungchiahui/UserFloder/mysource/CyberNaviRobot/ros2test_ws/install/lslidar_msgs/lib/python3.12/site-packages/lslidar_msgs/_lslidar_msgs_s.ep.rosidl_typesupport_c.c
[5.010s] -- Installing: /home/tungchiahui/UserFloder/mysource/CyberNaviRobot/ros2test_ws/install/lslidar_msgs/lib/python3.12/site-packages/lslidar_msgs/lslidar_msgs_s__rosidl_typesupport_c.so
[5.010s] -- Installing: /home/tungchiahui/UserFloder/mysource/CyberNaviRobot/ros2test_ws/install/lslidar_msgs/lib/python3.12/site-packages/lslidar_msgs/lslidar_msgs_s__rosidl_typesupport_introspection_c.so
[5.010s] -- Installing: /home/tungchiahui/UserFloder/mysource/CyberNaviRobot/ros2test_ws/install/lslidar_msgs/lib/python3.12/site-packages/lslidar_msgs/lslidar_msgs_s__rosidl_typesupport_fastrtps_c.so
[5.042s] Listing '/home/tungchiahui/UserFloder/mysource/CyberNaviRobot/ros2test_ws/install/lslidar_msgs/lib/python3.12/site-packages/lslidar_msgs'...
[5.042s] Compiling '/home/tungchiahui/UserFloder/mysource/CyberNaviRobot/ros2test_ws/install/lslidar_msgs/lib/python3.12/site-packages/lslidar_msgs/__init__.py'...
[5.042s] Listing '/home/tungchiahui/UserFloder/mysource/CyberNaviRobot/ros2test_ws/install/lslidar_msgs/lib/python3.12/site-packages/lslidar_msgs/msg'...
[5.042s] Compiling '/home/tungchiahui/UserFloder/mysource/CyberNaviRobot/ros2test_ws/install/lslidar_msgs/lib/python3.12/site-packages/lslidar_msgs/msg/__init__.py'...
[5.042s] Compiling '/home/tungchiahui/UserFloder/mysource/CyberNaviRobot/ros2test_ws/install/lslidar_msgs/lib/python3.12/site-packages/lslidar_msgs/msg/_lslidar_difop.py'...
[5.042s] Compiling '/home/tungchiahui/UserFloder/mysource/CyberNaviRobot/ros2test_ws/install/lslidar_msgs/lib/python3.12/site-packages/lslidar_msgs/msg/_lslidar_packet.py'...
[5.042s] Compiling '/home/tungchiahui/UserFloder/mysource/CyberNaviRobot/ros2test_ws/install/lslidar_msgs/lib/python3.12/site-packages/lslidar_msgs/msg/_lslidar_point.py'...
[5.043s] Compiling '/home/tungchiahui/UserFloder/mysource/CyberNaviRobot/ros2test_ws/install/lslidar_msgs/lib/python3.12/site-packages/lslidar_msgs/msg/_lslidar_scan.py'...
[5.043s] Compiling '/home/tungchiahui/UserFloder/mysource/CyberNaviRobot/ros2test_ws/install/lslidar_msgs/lib/python3.12/site-packages/lslidar_msgs/msg/_lslidar_sweep.py'...
[5.046s] -- Installing: /home/tungchiahui/UserFloder/mysource/CyberNaviRobot/ros2test_ws/install/lslidar_msgs/lib/python3.12/site-packages/lslidar_msgs/lslidar_msgs_s__rosidl_typesupport_fastrtps_c.so
[5.046s] -- Set non-toolchain portion of runtime path of "/home/tungchiahui/UserFloder/mysource/CyberNaviRobot/ros2test_ws/install/lslidar_msgs/lib/python3.12/site-packages/lslidar_msgs/lslidar_msgs_s__rosidl_typesupport_fastrtps_c.so" to ""
[5.047s] -- Installing: /home/tungchiahui/UserFloder/mysource/CyberNaviRobot/ros2test_ws/install/lslidar_msgs/lib/python3.12/site-packages/lslidar_msgs/lslidar_msgs_s__rosidl_typesupport_introspection_c.so
[5.047s] -- Set non-toolchain portion of runtime path of "/home/tungchiahui/UserFloder/mysource/CyberNaviRobot/ros2test_ws/install/lslidar_msgs/lib/python3.12/site-packages/lslidar_msgs/lslidar_msgs_s__rosidl_typesupport_introspection_c.so" to ""
[5.047s] -- Installing: /home/tungchiahui/UserFloder/mysource/CyberNaviRobot/ros2test_ws/install/lslidar_msgs/lib/python3.12/site-packages/lslidar_msgs/lslidar_msgs_s__rosidl_typesupport_c.so
[5.047s] -- Set non-toolchain portion of runtime path of "/home/tungchiahui/UserFloder/mysource/CyberNaviRobot/ros2test_ws/install/lslidar_msgs/lib/python3.12/site-packages/lslidar_msgs/lslidar_msgs_s__rosidl_typesupport_c.so" to ""
[5.047s] -- Installing: /home/tungchiahui/UserFloder/mysource/CyberNaviRobot/ros2test_ws/install/lslidar_msgs/lib/liblslidar_msgs__rosidl_generator_py.so
[5.048s] -- Set non-toolchain portion of runtime path of "/home/tungchiahui/UserFloder/mysource/CyberNaviRobot/ros2test_ws/install/lslidar_msgs/lib/liblslidar_msgs__rosidl_generator_py.so" to ""
[5.048s] -- Installing: /home/tungchiahui/UserFloder/mysource/CyberNaviRobot/ros2test_ws/install/lslidar_msgs/share/lslidar_msgs/msg/LslidarDifop.idl
[5.048s] -- Installing: /home/tungchiahui/UserFloder/mysource/CyberNaviRobot/ros2test_ws/install/lslidar_msgs/share/lslidar_msgs/msg/LslidarPacket.idl
[5.048s] -- Installing: /home/tungchiahui/UserFloder/mysource/CyberNaviRobot/ros2test_ws/install/lslidar_msgs/share/lslidar_msgs/msg/LslidarPoint.idl
[5.048s] -- Installing: /home/tungchiahui/UserFloder/mysource/CyberNaviRobot/ros2test_ws/install/lslidar_msgs/share/lslidar_msgs/msg/LslidarScan.idl
[5.048s] -- Installing: /home/tungchiahui/UserFloder/mysource/CyberNaviRobot/ros2test_ws/install/lslidar_msgs/share/lslidar_msgs/msg/LslidarSweep.idl
[5.048s] -- Installing: /home/tungchiahui/UserFloder/mysource/CyberNaviRobot/ros2test_ws/install/lslidar_msgs/share/lslidar_msgs/msg/LslidarDifop.msg
[5.048s] -- Installing: /home/tungchiahui/UserFloder/mysource/CyberNaviRobot/ros2test_ws/install/lslidar_msgs/share/lslidar_msgs/msg/LslidarPacket.msg
[5.048s] -- Installing: /home/tungchiahui/UserFloder/mysource/CyberNaviRobot/ros2test_ws/install/lslidar_msgs/share/lslidar_msgs/msg/LslidarPoint.msg
[5.049s] -- Installing: /home/tungchiahui/UserFloder/mysource/CyberNaviRobot/ros2test_ws/install/lslidar_msgs/share/lslidar_msgs/msg/LslidarScan.msg
[5.049s] -- Installing: /home/tungchiahui/UserFloder/mysource/CyberNaviRobot/ros2test_ws/install/lslidar_msgs/share/lslidar_msgs/msg/LslidarSweep.msg
[5.049s] -- Installing: /home/tungchiahui/UserFloder/mysource/CyberNaviRobot/ros2test_ws/install/lslidar_msgs/share/ament_index/resource_index/package_run_dependencies/lslidar_msgs
[5.049s] -- Installing: /home/tungchiahui/UserFloder/mysource/CyberNaviRobot/ros2test_ws/install/lslidar_msgs/share/ament_index/resource_index/parent_prefix_path/lslidar_msgs
[5.049s] -- Installing: /home/tungchiahui/UserFloder/mysource/CyberNaviRobot/ros2test_ws/install/lslidar_msgs/share/lslidar_msgs/environment/ament_prefix_path.sh
[5.049s] -- Installing: /home/tungchiahui/UserFloder/mysource/CyberNaviRobot/ros2test_ws/install/lslidar_msgs/share/lslidar_msgs/environment/ament_prefix_path.dsv
[5.049s] -- Installing: /home/tungchiahui/UserFloder/mysource/CyberNaviRobot/ros2test_ws/install/lslidar_msgs/share/lslidar_msgs/environment/path.sh
[5.049s] -- Installing: /home/tungchiahui/UserFloder/mysource/CyberNaviRobot/ros2test_ws/install/lslidar_msgs/share/lslidar_msgs/environment/path.dsv
[5.049s] -- Installing: /home/tungchiahui/UserFloder/mysource/CyberNaviRobot/ros2test_ws/install/lslidar_msgs/share/lslidar_msgs/local_setup.bash
[5.049s] -- Installing: /home/tungchiahui/UserFloder/mysource/CyberNaviRobot/ros2test_ws/install/lslidar_msgs/share/lslidar_msgs/local_setup.sh
[5.049s] -- Installing: /home/tungchiahui/UserFloder/mysource/CyberNaviRobot/ros2test_ws/install/lslidar_msgs/share/lslidar_msgs/local_setup.zsh
[5.049s] -- Installing: /home/tungchiahui/UserFloder/mysource/CyberNaviRobot/ros2test_ws/install/lslidar_msgs/share/lslidar_msgs/local_setup.dsv
[5.049s] -- Installing: /home/tungchiahui/UserFloder/mysource/CyberNaviRobot/ros2test_ws/install/lslidar_msgs/share/lslidar_msgs/package.dsv
[5.049s] -- Installing: /home/tungchiahui/UserFloder/mysource/CyberNaviRobot/ros2test_ws/install/lslidar_msgs/share/ament_index/resource_index/packages/lslidar_msgs
[5.050s] -- Installing: /home/tungchiahui/UserFloder/mysource/CyberNaviRobot/ros2test_ws/install/lslidar_msgs/share/lslidar_msgs/cmake/export_lslidar_msgs__rosidl_generator_cExport.cmake
[5.050s] -- Installing: /home/tungchiahui/UserFloder/mysource/CyberNaviRobot/ros2test_ws/install/lslidar_msgs/share/lslidar_msgs/cmake/export_lslidar_msgs__rosidl_generator_cExport-noconfig.cmake
[5.050s] -- Installing: /home/tungchiahui/UserFloder/mysource/CyberNaviRobot/ros2test_ws/install/lslidar_msgs/share/lslidar_msgs/cmake/export_lslidar_msgs__rosidl_typesupport_fastrtps_cExport.cmake
[5.050s] -- Installing: /home/tungchiahui/UserFloder/mysource/CyberNaviRobot/ros2test_ws/install/lslidar_msgs/share/lslidar_msgs/cmake/export_lslidar_msgs__rosidl_typesupport_fastrtps_cExport-noconfig.cmake
[5.050s] -- Installing: /home/tungchiahui/UserFloder/mysource/CyberNaviRobot/ros2test_ws/install/lslidar_msgs/share/lslidar_msgs/cmake/export_lslidar_msgs__rosidl_generator_cppExport.cmake
[5.050s] -- Installing: /home/tungchiahui/UserFloder/mysource/CyberNaviRobot/ros2test_ws/install/lslidar_msgs/share/lslidar_msgs/cmake/export_lslidar_msgs__rosidl_typesupport_fastrtps_cppExport.cmake
[5.050s] -- Installing: /home/tungchiahui/UserFloder/mysource/CyberNaviRobot/ros2test_ws/install/lslidar_msgs/share/lslidar_msgs/cmake/export_lslidar_msgs__rosidl_typesupport_fastrtps_cppExport-noconfig.cmake
[5.050s] -- Installing: /home/tungchiahui/UserFloder/mysource/CyberNaviRobot/ros2test_ws/install/lslidar_msgs/share/lslidar_msgs/cmake/lslidar_msgs__rosidl_typesupport_introspection_cExport.cmake
[5.050s] -- Installing: /home/tungchiahui/UserFloder/mysource/CyberNaviRobot/ros2test_ws/install/lslidar_msgs/share/lslidar_msgs/cmake/lslidar_msgs__rosidl_typesupport_introspection_cExport-noconfig.cmake
[5.050s] -- Installing: /home/tungchiahui/UserFloder/mysource/CyberNaviRobot/ros2test_ws/install/lslidar_msgs/share/lslidar_msgs/cmake/lslidar_msgs__rosidl_typesupport_cExport.cmake
[5.050s] -- Installing: /home/tungchiahui/UserFloder/mysource/CyberNaviRobot/ros2test_ws/install/lslidar_msgs/share/lslidar_msgs/cmake/lslidar_msgs__rosidl_typesupport_cExport-noconfig.cmake
[5.050s] -- Installing: /home/tungchiahui/UserFloder/mysource/CyberNaviRobot/ros2test_ws/install/lslidar_msgs/share/lslidar_msgs/cmake/lslidar_msgs__rosidl_typesupport_introspection_cppExport.cmake
[5.050s] -- Installing: /home/tungchiahui/UserFloder/mysource/CyberNaviRobot/ros2test_ws/install/lslidar_msgs/share/lslidar_msgs/cmake/lslidar_msgs__rosidl_typesupport_introspection_cppExport-noconfig.cmake
[5.050s] -- Installing: /home/tungchiahui/UserFloder/mysource/CyberNaviRobot/ros2test_ws/install/lslidar_msgs/share/lslidar_msgs/cmake/lslidar_msgs__rosidl_typesupport_cppExport.cmake
[5.051s] -- Installing: /home/tungchiahui/UserFloder/mysource/CyberNaviRobot/ros2test_ws/install/lslidar_msgs/share/lslidar_msgs/cmake/lslidar_msgs__rosidl_typesupport_cppExport-noconfig.cmake
[5.051s] -- Installing: /home/tungchiahui/UserFloder/mysource/CyberNaviRobot/ros2test_ws/install/lslidar_msgs/share/lslidar_msgs/cmake/export_lslidar_msgs__rosidl_generator_pyExport.cmake
[5.051s] -- Installing: /home/tungchiahui/UserFloder/mysource/CyberNaviRobot/ros2test_ws/install/lslidar_msgs/share/lslidar_msgs/cmake/export_lslidar_msgs__rosidl_generator_pyExport-noconfig.cmake
[5.051s] -- Installing: /home/tungchiahui/UserFloder/mysource/CyberNaviRobot/ros2test_ws/install/lslidar_msgs/share/lslidar_msgs/cmake/rosidl_cmake-extras.cmake
[5.051s] -- Installing: /home/tungchiahui/UserFloder/mysource/CyberNaviRobot/ros2test_ws/install/lslidar_msgs/share/lslidar_msgs/cmake/ament_cmake_export_dependencies-extras.cmake
[5.051s] -- Installing: /home/tungchiahui/UserFloder/mysource/CyberNaviRobot/ros2test_ws/install/lslidar_msgs/share/lslidar_msgs/cmake/ament_cmake_export_include_directories-extras.cmake
[5.051s] -- Installing: /home/tungchiahui/UserFloder/mysource/CyberNaviRobot/ros2test_ws/install/lslidar_msgs/share/lslidar_msgs/cmake/ament_cmake_export_libraries-extras.cmake
[5.051s] -- Installing: /home/tungchiahui/UserFloder/mysource/CyberNaviRobot/ros2test_ws/install/lslidar_msgs/share/lslidar_msgs/cmake/ament_cmake_export_targets-extras.cmake
[5.051s] -- Installing: /home/tungchiahui/UserFloder/mysource/CyberNaviRobot/ros2test_ws/install/lslidar_msgs/share/lslidar_msgs/cmake/rosidl_cmake_export_typesupport_targets-extras.cmake
[5.051s] -- Installing: /home/tungchiahui/UserFloder/mysource/CyberNaviRobot/ros2test_ws/install/lslidar_msgs/share/lslidar_msgs/cmake/rosidl_cmake_export_typesupport_libraries-extras.cmake
[5.051s] -- Installing: /home/tungchiahui/UserFloder/mysource/CyberNaviRobot/ros2test_ws/install/lslidar_msgs/share/lslidar_msgs/cmake/lslidar_msgsConfig.cmake
[5.051s] -- Installing: /home/tungchiahui/UserFloder/mysource/CyberNaviRobot/ros2test_ws/install/lslidar_msgs/share/lslidar_msgs/cmake/lslidar_msgsConfig-version.cmake
[5.051s] -- Installing: /home/tungchiahui/UserFloder/mysource/CyberNaviRobot/ros2test_ws/install/lslidar_msgs/share/lslidar_msgs/package.xml
[5.053s] Invoked command in '/home/tungchiahui/UserFloder/mysource/CyberNaviRobot/ros2test_ws/build/lslidar_msgs' returned '0': CMAKE_PREFIX_PATH=${CMAKE_PREFIX_PATH}:/opt/ros/jazzy /usr/bin/cmake --install /home/tungchiahui/UserFloder/mysource/CyberNaviRobot/ros2test_ws/build/lslidar_msgs
