[0.007s] Invoking command in '/home/tungchiahui/UserFloder/mysource/CyberNaviRobot/ros2test_ws/build/lslidar_msgs': CMAKE_PREFIX_PATH=${CMAKE_PREFIX_PATH}:/opt/ros/jazzy /usr/bin/cmake --build /home/tungchiahui/UserFloder/mysource/CyberNaviRobot/ros2test_ws/build/lslidar_msgs -- -j16 -l16
[0.047s] [  1%] Built target lslidar_msgs__rosidl_generator_type_description
[0.053s] [  1%] Built target ament_cmake_python_copy_lslidar_msgs
[0.061s] [  2%] Built target lslidar_msgs__cpp
[0.067s] [ 25%] Built target lslidar_msgs__rosidl_generator_c
[0.087s] [ 44%] Built target lslidar_msgs__rosidl_typesupport_introspection_c
[0.087s] [ 44%] Built target lslidar_msgs__rosidl_typesupport_c
[0.091s] [ 54%] Built target lslidar_msgs__rosidl_typesupport_cpp
[0.092s] [ 70%] Built target lslidar_msgs__rosidl_typesupport_fastrtps_cpp
[0.092s] [ 72%] Built target lslidar_msgs__rosidl_typesupport_fastrtps_c
[0.093s] [ 82%] Built target lslidar_msgs__rosidl_typesupport_introspection_cpp
[0.106s] [ 82%] Built target lslidar_msgs
[0.123s] [ 83%] Built target lslidar_msgs__py
[0.147s] [ 91%] Built target lslidar_msgs__rosidl_generator_py
[0.166s] [100%] Built target lslidar_msgs_s__rosidl_typesupport_fastrtps_c
[0.166s] [100%] Built target lslidar_msgs_s__rosidl_typesupport_c
[0.166s] [100%] Built target lslidar_msgs_s__rosidl_typesupport_introspection_c
[0.206s] running egg_info
[0.220s] writing lslidar_msgs.egg-info/PKG-INFO
[0.220s] writing dependency_links to lslidar_msgs.egg-info/dependency_links.txt
[0.220s] writing top-level names to lslidar_msgs.egg-info/top_level.txt
[0.255s] reading manifest file 'lslidar_msgs.egg-info/SOURCES.txt'
[0.256s] writing manifest file 'lslidar_msgs.egg-info/SOURCES.txt'
[0.275s] [100%] Built target ament_cmake_python_build_lslidar_msgs_egg
[0.284s] Invoked command in '/home/tungchiahui/UserFloder/mysource/CyberNaviRobot/ros2test_ws/build/lslidar_msgs' returned '0': CMAKE_PREFIX_PATH=${CMAKE_PREFIX_PATH}:/opt/ros/jazzy /usr/bin/cmake --build /home/tungchiahui/UserFloder/mysource/CyberNaviRobot/ros2test_ws/build/lslidar_msgs -- -j16 -l16
[0.290s] Invoking command in '/home/tungchiahui/UserFloder/mysource/CyberNaviRobot/ros2test_ws/build/lslidar_msgs': CMAKE_PREFIX_PATH=${CMAKE_PREFIX_PATH}:/opt/ros/jazzy /usr/bin/cmake --install /home/tungchiahui/UserFloder/mysource/CyberNaviRobot/ros2test_ws/build/lslidar_msgs
[0.295s] -- Install configuration: ""
[0.295s] -- Up-to-date: /home/tungchiahui/UserFloder/mysource/CyberNaviRobot/ros2test_ws/install/lslidar_msgs/share/ament_index/resource_index/rosidl_interfaces/lslidar_msgs
[0.295s] -- Up-to-date: /home/tungchiahui/UserFloder/mysource/CyberNaviRobot/ros2test_ws/install/lslidar_msgs/share/lslidar_msgs/msg/LslidarDifop.json
[0.295s] -- Up-to-date: /home/tungchiahui/UserFloder/mysource/CyberNaviRobot/ros2test_ws/install/lslidar_msgs/share/lslidar_msgs/msg/LslidarPacket.json
[0.296s] -- Up-to-date: /home/tungchiahui/UserFloder/mysource/CyberNaviRobot/ros2test_ws/install/lslidar_msgs/share/lslidar_msgs/msg/LslidarPoint.json
[0.296s] -- Up-to-date: /home/tungchiahui/UserFloder/mysource/CyberNaviRobot/ros2test_ws/install/lslidar_msgs/share/lslidar_msgs/msg/LslidarScan.json
[0.296s] -- Up-to-date: /home/tungchiahui/UserFloder/mysource/CyberNaviRobot/ros2test_ws/install/lslidar_msgs/share/lslidar_msgs/msg/LslidarSweep.json
[0.296s] -- Up-to-date: /home/tungchiahui/UserFloder/mysource/CyberNaviRobot/ros2test_ws/install/lslidar_msgs/include/lslidar_msgs/lslidar_msgs
[0.296s] -- Up-to-date: /home/tungchiahui/UserFloder/mysource/CyberNaviRobot/ros2test_ws/install/lslidar_msgs/include/lslidar_msgs/lslidar_msgs/msg
[0.296s] -- Up-to-date: /home/tungchiahui/UserFloder/mysource/CyberNaviRobot/ros2test_ws/install/lslidar_msgs/include/lslidar_msgs/lslidar_msgs/msg/rosidl_generator_c__visibility_control.h
[0.296s] -- Up-to-date: /home/tungchiahui/UserFloder/mysource/CyberNaviRobot/ros2test_ws/install/lslidar_msgs/include/lslidar_msgs/lslidar_msgs/msg/lslidar_difop.h
[0.296s] -- Up-to-date: /home/tungchiahui/UserFloder/mysource/CyberNaviRobot/ros2test_ws/install/lslidar_msgs/include/lslidar_msgs/lslidar_msgs/msg/detail
[0.296s] -- Up-to-date: /home/tungchiahui/UserFloder/mysource/CyberNaviRobot/ros2test_ws/install/lslidar_msgs/include/lslidar_msgs/lslidar_msgs/msg/detail/lslidar_difop__description.c
[0.296s] -- Up-to-date: /home/tungchiahui/UserFloder/mysource/CyberNaviRobot/ros2test_ws/install/lslidar_msgs/include/lslidar_msgs/lslidar_msgs/msg/detail/lslidar_difop__functions.c
[0.296s] -- Up-to-date: /home/tungchiahui/UserFloder/mysource/CyberNaviRobot/ros2test_ws/install/lslidar_msgs/include/lslidar_msgs/lslidar_msgs/msg/detail/lslidar_difop__functions.h
[0.296s] -- Up-to-date: /home/tungchiahui/UserFloder/mysource/CyberNaviRobot/ros2test_ws/install/lslidar_msgs/include/lslidar_msgs/lslidar_msgs/msg/detail/lslidar_difop__struct.h
[0.296s] -- Up-to-date: /home/tungchiahui/UserFloder/mysource/CyberNaviRobot/ros2test_ws/install/lslidar_msgs/include/lslidar_msgs/lslidar_msgs/msg/detail/lslidar_difop__type_support.c
[0.296s] -- Up-to-date: /home/tungchiahui/UserFloder/mysource/CyberNaviRobot/ros2test_ws/install/lslidar_msgs/include/lslidar_msgs/lslidar_msgs/msg/detail/lslidar_difop__type_support.h
[0.296s] -- Up-to-date: /home/tungchiahui/UserFloder/mysource/CyberNaviRobot/ros2test_ws/install/lslidar_msgs/include/lslidar_msgs/lslidar_msgs/msg/detail/lslidar_packet__description.c
[0.297s] -- Up-to-date: /home/tungchiahui/UserFloder/mysource/CyberNaviRobot/ros2test_ws/install/lslidar_msgs/include/lslidar_msgs/lslidar_msgs/msg/detail/lslidar_packet__functions.c
[0.297s] -- Up-to-date: /home/tungchiahui/UserFloder/mysource/CyberNaviRobot/ros2test_ws/install/lslidar_msgs/include/lslidar_msgs/lslidar_msgs/msg/detail/lslidar_packet__functions.h
[0.297s] -- Up-to-date: /home/tungchiahui/UserFloder/mysource/CyberNaviRobot/ros2test_ws/install/lslidar_msgs/include/lslidar_msgs/lslidar_msgs/msg/detail/lslidar_packet__struct.h
[0.297s] -- Up-to-date: /home/tungchiahui/UserFloder/mysource/CyberNaviRobot/ros2test_ws/install/lslidar_msgs/include/lslidar_msgs/lslidar_msgs/msg/detail/lslidar_packet__type_support.c
[0.297s] -- Up-to-date: /home/tungchiahui/UserFloder/mysource/CyberNaviRobot/ros2test_ws/install/lslidar_msgs/include/lslidar_msgs/lslidar_msgs/msg/detail/lslidar_packet__type_support.h
[0.297s] -- Up-to-date: /home/tungchiahui/UserFloder/mysource/CyberNaviRobot/ros2test_ws/install/lslidar_msgs/include/lslidar_msgs/lslidar_msgs/msg/detail/lslidar_point__description.c
[0.297s] -- Up-to-date: /home/tungchiahui/UserFloder/mysource/CyberNaviRobot/ros2test_ws/install/lslidar_msgs/include/lslidar_msgs/lslidar_msgs/msg/detail/lslidar_point__functions.c
[0.297s] -- Up-to-date: /home/tungchiahui/UserFloder/mysource/CyberNaviRobot/ros2test_ws/install/lslidar_msgs/include/lslidar_msgs/lslidar_msgs/msg/detail/lslidar_point__functions.h
[0.297s] -- Up-to-date: /home/tungchiahui/UserFloder/mysource/CyberNaviRobot/ros2test_ws/install/lslidar_msgs/include/lslidar_msgs/lslidar_msgs/msg/detail/lslidar_point__struct.h
[0.297s] -- Up-to-date: /home/tungchiahui/UserFloder/mysource/CyberNaviRobot/ros2test_ws/install/lslidar_msgs/include/lslidar_msgs/lslidar_msgs/msg/detail/lslidar_point__type_support.c
[0.297s] -- Up-to-date: /home/tungchiahui/UserFloder/mysource/CyberNaviRobot/ros2test_ws/install/lslidar_msgs/include/lslidar_msgs/lslidar_msgs/msg/detail/lslidar_point__type_support.h
[0.297s] -- Up-to-date: /home/tungchiahui/UserFloder/mysource/CyberNaviRobot/ros2test_ws/install/lslidar_msgs/include/lslidar_msgs/lslidar_msgs/msg/detail/lslidar_scan__description.c
[0.297s] -- Up-to-date: /home/tungchiahui/UserFloder/mysource/CyberNaviRobot/ros2test_ws/install/lslidar_msgs/include/lslidar_msgs/lslidar_msgs/msg/detail/lslidar_scan__functions.c
[0.297s] -- Up-to-date: /home/tungchiahui/UserFloder/mysource/CyberNaviRobot/ros2test_ws/install/lslidar_msgs/include/lslidar_msgs/lslidar_msgs/msg/detail/lslidar_scan__functions.h
[0.297s] -- Up-to-date: /home/tungchiahui/UserFloder/mysource/CyberNaviRobot/ros2test_ws/install/lslidar_msgs/include/lslidar_msgs/lslidar_msgs/msg/detail/lslidar_scan__struct.h
[0.297s] -- Up-to-date: /home/tungchiahui/UserFloder/mysource/CyberNaviRobot/ros2test_ws/install/lslidar_msgs/include/lslidar_msgs/lslidar_msgs/msg/detail/lslidar_scan__type_support.c
[0.298s] -- Up-to-date: /home/tungchiahui/UserFloder/mysource/CyberNaviRobot/ros2test_ws/install/lslidar_msgs/include/lslidar_msgs/lslidar_msgs/msg/detail/lslidar_scan__type_support.h
[0.298s] -- Up-to-date: /home/tungchiahui/UserFloder/mysource/CyberNaviRobot/ros2test_ws/install/lslidar_msgs/include/lslidar_msgs/lslidar_msgs/msg/detail/lslidar_sweep__description.c
[0.298s] -- Up-to-date: /home/tungchiahui/UserFloder/mysource/CyberNaviRobot/ros2test_ws/install/lslidar_msgs/include/lslidar_msgs/lslidar_msgs/msg/detail/lslidar_sweep__functions.c
[0.298s] -- Up-to-date: /home/tungchiahui/UserFloder/mysource/CyberNaviRobot/ros2test_ws/install/lslidar_msgs/include/lslidar_msgs/lslidar_msgs/msg/detail/lslidar_sweep__functions.h
[0.298s] -- Up-to-date: /home/tungchiahui/UserFloder/mysource/CyberNaviRobot/ros2test_ws/install/lslidar_msgs/include/lslidar_msgs/lslidar_msgs/msg/detail/lslidar_sweep__struct.h
[0.298s] -- Up-to-date: /home/tungchiahui/UserFloder/mysource/CyberNaviRobot/ros2test_ws/install/lslidar_msgs/include/lslidar_msgs/lslidar_msgs/msg/detail/lslidar_sweep__type_support.c
[0.298s] -- Up-to-date: /home/tungchiahui/UserFloder/mysource/CyberNaviRobot/ros2test_ws/install/lslidar_msgs/include/lslidar_msgs/lslidar_msgs/msg/detail/lslidar_sweep__type_support.h
[0.298s] -- Up-to-date: /home/tungchiahui/UserFloder/mysource/CyberNaviRobot/ros2test_ws/install/lslidar_msgs/include/lslidar_msgs/lslidar_msgs/msg/lslidar_packet.h
[0.298s] -- Up-to-date: /home/tungchiahui/UserFloder/mysource/CyberNaviRobot/ros2test_ws/install/lslidar_msgs/include/lslidar_msgs/lslidar_msgs/msg/lslidar_point.h
[0.298s] -- Up-to-date: /home/tungchiahui/UserFloder/mysource/CyberNaviRobot/ros2test_ws/install/lslidar_msgs/include/lslidar_msgs/lslidar_msgs/msg/lslidar_scan.h
[0.298s] -- Up-to-date: /home/tungchiahui/UserFloder/mysource/CyberNaviRobot/ros2test_ws/install/lslidar_msgs/include/lslidar_msgs/lslidar_msgs/msg/lslidar_sweep.h
[0.298s] -- Up-to-date: /home/tungchiahui/UserFloder/mysource/CyberNaviRobot/ros2test_ws/install/lslidar_msgs/share/lslidar_msgs/environment/library_path.sh
[0.298s] -- Up-to-date: /home/tungchiahui/UserFloder/mysource/CyberNaviRobot/ros2test_ws/install/lslidar_msgs/share/lslidar_msgs/environment/library_path.dsv
[0.298s] -- Up-to-date: /home/tungchiahui/UserFloder/mysource/CyberNaviRobot/ros2test_ws/install/lslidar_msgs/lib/liblslidar_msgs__rosidl_generator_c.so
[0.298s] -- Up-to-date: /home/tungchiahui/UserFloder/mysource/CyberNaviRobot/ros2test_ws/install/lslidar_msgs/include/lslidar_msgs/lslidar_msgs
[0.298s] -- Up-to-date: /home/tungchiahui/UserFloder/mysource/CyberNaviRobot/ros2test_ws/install/lslidar_msgs/include/lslidar_msgs/lslidar_msgs/msg
[0.298s] -- Up-to-date: /home/tungchiahui/UserFloder/mysource/CyberNaviRobot/ros2test_ws/install/lslidar_msgs/include/lslidar_msgs/lslidar_msgs/msg/rosidl_typesupport_fastrtps_c__visibility_control.h
[0.298s] -- Up-to-date: /home/tungchiahui/UserFloder/mysource/CyberNaviRobot/ros2test_ws/install/lslidar_msgs/include/lslidar_msgs/lslidar_msgs/msg/detail
[0.299s] -- Up-to-date: /home/tungchiahui/UserFloder/mysource/CyberNaviRobot/ros2test_ws/install/lslidar_msgs/include/lslidar_msgs/lslidar_msgs/msg/detail/lslidar_difop__rosidl_typesupport_fastrtps_c.h
[0.299s] -- Up-to-date: /home/tungchiahui/UserFloder/mysource/CyberNaviRobot/ros2test_ws/install/lslidar_msgs/include/lslidar_msgs/lslidar_msgs/msg/detail/lslidar_packet__rosidl_typesupport_fastrtps_c.h
[0.299s] -- Up-to-date: /home/tungchiahui/UserFloder/mysource/CyberNaviRobot/ros2test_ws/install/lslidar_msgs/include/lslidar_msgs/lslidar_msgs/msg/detail/lslidar_point__rosidl_typesupport_fastrtps_c.h
[0.299s] -- Up-to-date: /home/tungchiahui/UserFloder/mysource/CyberNaviRobot/ros2test_ws/install/lslidar_msgs/include/lslidar_msgs/lslidar_msgs/msg/detail/lslidar_scan__rosidl_typesupport_fastrtps_c.h
[0.299s] -- Up-to-date: /home/tungchiahui/UserFloder/mysource/CyberNaviRobot/ros2test_ws/install/lslidar_msgs/include/lslidar_msgs/lslidar_msgs/msg/detail/lslidar_sweep__rosidl_typesupport_fastrtps_c.h
[0.299s] -- Up-to-date: /home/tungchiahui/UserFloder/mysource/CyberNaviRobot/ros2test_ws/install/lslidar_msgs/lib/liblslidar_msgs__rosidl_typesupport_fastrtps_c.so
[0.299s] -- Up-to-date: /home/tungchiahui/UserFloder/mysource/CyberNaviRobot/ros2test_ws/install/lslidar_msgs/include/lslidar_msgs/lslidar_msgs
[0.299s] -- Up-to-date: /home/tungchiahui/UserFloder/mysource/CyberNaviRobot/ros2test_ws/install/lslidar_msgs/include/lslidar_msgs/lslidar_msgs/msg
[0.299s] -- Up-to-date: /home/tungchiahui/UserFloder/mysource/CyberNaviRobot/ros2test_ws/install/lslidar_msgs/include/lslidar_msgs/lslidar_msgs/msg/rosidl_generator_cpp__visibility_control.hpp
[0.299s] -- Up-to-date: /home/tungchiahui/UserFloder/mysource/CyberNaviRobot/ros2test_ws/install/lslidar_msgs/include/lslidar_msgs/lslidar_msgs/msg/lslidar_difop.hpp
[0.299s] -- Up-to-date: /home/tungchiahui/UserFloder/mysource/CyberNaviRobot/ros2test_ws/install/lslidar_msgs/include/lslidar_msgs/lslidar_msgs/msg/detail
[0.299s] -- Up-to-date: /home/tungchiahui/UserFloder/mysource/CyberNaviRobot/ros2test_ws/install/lslidar_msgs/include/lslidar_msgs/lslidar_msgs/msg/detail/lslidar_difop__builder.hpp
[0.299s] -- Up-to-date: /home/tungchiahui/UserFloder/mysource/CyberNaviRobot/ros2test_ws/install/lslidar_msgs/include/lslidar_msgs/lslidar_msgs/msg/detail/lslidar_difop__struct.hpp
[0.299s] -- Up-to-date: /home/tungchiahui/UserFloder/mysource/CyberNaviRobot/ros2test_ws/install/lslidar_msgs/include/lslidar_msgs/lslidar_msgs/msg/detail/lslidar_difop__traits.hpp
[0.299s] -- Up-to-date: /home/tungchiahui/UserFloder/mysource/CyberNaviRobot/ros2test_ws/install/lslidar_msgs/include/lslidar_msgs/lslidar_msgs/msg/detail/lslidar_difop__type_support.hpp
[0.299s] -- Up-to-date: /home/tungchiahui/UserFloder/mysource/CyberNaviRobot/ros2test_ws/install/lslidar_msgs/include/lslidar_msgs/lslidar_msgs/msg/detail/lslidar_packet__builder.hpp
[0.299s] -- Up-to-date: /home/tungchiahui/UserFloder/mysource/CyberNaviRobot/ros2test_ws/install/lslidar_msgs/include/lslidar_msgs/lslidar_msgs/msg/detail/lslidar_packet__struct.hpp
[0.299s] -- Up-to-date: /home/tungchiahui/UserFloder/mysource/CyberNaviRobot/ros2test_ws/install/lslidar_msgs/include/lslidar_msgs/lslidar_msgs/msg/detail/lslidar_packet__traits.hpp
[0.299s] -- Up-to-date: /home/tungchiahui/UserFloder/mysource/CyberNaviRobot/ros2test_ws/install/lslidar_msgs/include/lslidar_msgs/lslidar_msgs/msg/detail/lslidar_packet__type_support.hpp
[0.300s] -- Up-to-date: /home/tungchiahui/UserFloder/mysource/CyberNaviRobot/ros2test_ws/install/lslidar_msgs/include/lslidar_msgs/lslidar_msgs/msg/detail/lslidar_point__builder.hpp
[0.300s] -- Up-to-date: /home/tungchiahui/UserFloder/mysource/CyberNaviRobot/ros2test_ws/install/lslidar_msgs/include/lslidar_msgs/lslidar_msgs/msg/detail/lslidar_point__struct.hpp
[0.300s] -- Up-to-date: /home/tungchiahui/UserFloder/mysource/CyberNaviRobot/ros2test_ws/install/lslidar_msgs/include/lslidar_msgs/lslidar_msgs/msg/detail/lslidar_point__traits.hpp
[0.300s] -- Up-to-date: /home/tungchiahui/UserFloder/mysource/CyberNaviRobot/ros2test_ws/install/lslidar_msgs/include/lslidar_msgs/lslidar_msgs/msg/detail/lslidar_point__type_support.hpp
[0.300s] -- Up-to-date: /home/tungchiahui/UserFloder/mysource/CyberNaviRobot/ros2test_ws/install/lslidar_msgs/include/lslidar_msgs/lslidar_msgs/msg/detail/lslidar_scan__builder.hpp
[0.300s] -- Up-to-date: /home/tungchiahui/UserFloder/mysource/CyberNaviRobot/ros2test_ws/install/lslidar_msgs/include/lslidar_msgs/lslidar_msgs/msg/detail/lslidar_scan__struct.hpp
[0.300s] -- Up-to-date: /home/tungchiahui/UserFloder/mysource/CyberNaviRobot/ros2test_ws/install/lslidar_msgs/include/lslidar_msgs/lslidar_msgs/msg/detail/lslidar_scan__traits.hpp
[0.300s] -- Up-to-date: /home/tungchiahui/UserFloder/mysource/CyberNaviRobot/ros2test_ws/install/lslidar_msgs/include/lslidar_msgs/lslidar_msgs/msg/detail/lslidar_scan__type_support.hpp
[0.300s] -- Up-to-date: /home/tungchiahui/UserFloder/mysource/CyberNaviRobot/ros2test_ws/install/lslidar_msgs/include/lslidar_msgs/lslidar_msgs/msg/detail/lslidar_sweep__builder.hpp
[0.300s] -- Up-to-date: /home/tungchiahui/UserFloder/mysource/CyberNaviRobot/ros2test_ws/install/lslidar_msgs/include/lslidar_msgs/lslidar_msgs/msg/detail/lslidar_sweep__struct.hpp
[0.300s] -- Up-to-date: /home/tungchiahui/UserFloder/mysource/CyberNaviRobot/ros2test_ws/install/lslidar_msgs/include/lslidar_msgs/lslidar_msgs/msg/detail/lslidar_sweep__traits.hpp
[0.300s] -- Up-to-date: /home/tungchiahui/UserFloder/mysource/CyberNaviRobot/ros2test_ws/install/lslidar_msgs/include/lslidar_msgs/lslidar_msgs/msg/detail/lslidar_sweep__type_support.hpp
[0.300s] -- Up-to-date: /home/tungchiahui/UserFloder/mysource/CyberNaviRobot/ros2test_ws/install/lslidar_msgs/include/lslidar_msgs/lslidar_msgs/msg/lslidar_packet.hpp
[0.300s] -- Up-to-date: /home/tungchiahui/UserFloder/mysource/CyberNaviRobot/ros2test_ws/install/lslidar_msgs/include/lslidar_msgs/lslidar_msgs/msg/lslidar_point.hpp
[0.300s] -- Up-to-date: /home/tungchiahui/UserFloder/mysource/CyberNaviRobot/ros2test_ws/install/lslidar_msgs/include/lslidar_msgs/lslidar_msgs/msg/lslidar_scan.hpp
[0.300s] -- Up-to-date: /home/tungchiahui/UserFloder/mysource/CyberNaviRobot/ros2test_ws/install/lslidar_msgs/include/lslidar_msgs/lslidar_msgs/msg/lslidar_sweep.hpp
[0.300s] -- Up-to-date: /home/tungchiahui/UserFloder/mysource/CyberNaviRobot/ros2test_ws/install/lslidar_msgs/include/lslidar_msgs/lslidar_msgs
[0.300s] -- Up-to-date: /home/tungchiahui/UserFloder/mysource/CyberNaviRobot/ros2test_ws/install/lslidar_msgs/include/lslidar_msgs/lslidar_msgs/msg
[0.300s] -- Up-to-date: /home/tungchiahui/UserFloder/mysource/CyberNaviRobot/ros2test_ws/install/lslidar_msgs/include/lslidar_msgs/lslidar_msgs/msg/rosidl_typesupport_fastrtps_cpp__visibility_control.h
[0.300s] -- Up-to-date: /home/tungchiahui/UserFloder/mysource/CyberNaviRobot/ros2test_ws/install/lslidar_msgs/include/lslidar_msgs/lslidar_msgs/msg/detail
[0.301s] -- Up-to-date: /home/tungchiahui/UserFloder/mysource/CyberNaviRobot/ros2test_ws/install/lslidar_msgs/include/lslidar_msgs/lslidar_msgs/msg/detail/lslidar_difop__rosidl_typesupport_fastrtps_cpp.hpp
[0.301s] -- Up-to-date: /home/tungchiahui/UserFloder/mysource/CyberNaviRobot/ros2test_ws/install/lslidar_msgs/include/lslidar_msgs/lslidar_msgs/msg/detail/dds_fastrtps
[0.301s] -- Up-to-date: /home/tungchiahui/UserFloder/mysource/CyberNaviRobot/ros2test_ws/install/lslidar_msgs/include/lslidar_msgs/lslidar_msgs/msg/detail/lslidar_packet__rosidl_typesupport_fastrtps_cpp.hpp
[0.301s] -- Up-to-date: /home/tungchiahui/UserFloder/mysource/CyberNaviRobot/ros2test_ws/install/lslidar_msgs/include/lslidar_msgs/lslidar_msgs/msg/detail/lslidar_point__rosidl_typesupport_fastrtps_cpp.hpp
[0.301s] -- Up-to-date: /home/tungchiahui/UserFloder/mysource/CyberNaviRobot/ros2test_ws/install/lslidar_msgs/include/lslidar_msgs/lslidar_msgs/msg/detail/lslidar_scan__rosidl_typesupport_fastrtps_cpp.hpp
[0.301s] -- Up-to-date: /home/tungchiahui/UserFloder/mysource/CyberNaviRobot/ros2test_ws/install/lslidar_msgs/include/lslidar_msgs/lslidar_msgs/msg/detail/lslidar_sweep__rosidl_typesupport_fastrtps_cpp.hpp
[0.301s] -- Up-to-date: /home/tungchiahui/UserFloder/mysource/CyberNaviRobot/ros2test_ws/install/lslidar_msgs/lib/liblslidar_msgs__rosidl_typesupport_fastrtps_cpp.so
[0.301s] -- Up-to-date: /home/tungchiahui/UserFloder/mysource/CyberNaviRobot/ros2test_ws/install/lslidar_msgs/include/lslidar_msgs/lslidar_msgs
[0.301s] -- Up-to-date: /home/tungchiahui/UserFloder/mysource/CyberNaviRobot/ros2test_ws/install/lslidar_msgs/include/lslidar_msgs/lslidar_msgs/msg
[0.301s] -- Up-to-date: /home/tungchiahui/UserFloder/mysource/CyberNaviRobot/ros2test_ws/install/lslidar_msgs/include/lslidar_msgs/lslidar_msgs/msg/rosidl_typesupport_introspection_c__visibility_control.h
[0.301s] -- Up-to-date: /home/tungchiahui/UserFloder/mysource/CyberNaviRobot/ros2test_ws/install/lslidar_msgs/include/lslidar_msgs/lslidar_msgs/msg/detail
[0.301s] -- Up-to-date: /home/tungchiahui/UserFloder/mysource/CyberNaviRobot/ros2test_ws/install/lslidar_msgs/include/lslidar_msgs/lslidar_msgs/msg/detail/lslidar_difop__rosidl_typesupport_introspection_c.h
[0.301s] -- Up-to-date: /home/tungchiahui/UserFloder/mysource/CyberNaviRobot/ros2test_ws/install/lslidar_msgs/include/lslidar_msgs/lslidar_msgs/msg/detail/lslidar_difop__type_support.c
[0.301s] -- Up-to-date: /home/tungchiahui/UserFloder/mysource/CyberNaviRobot/ros2test_ws/install/lslidar_msgs/include/lslidar_msgs/lslidar_msgs/msg/detail/lslidar_packet__rosidl_typesupport_introspection_c.h
[0.301s] -- Up-to-date: /home/tungchiahui/UserFloder/mysource/CyberNaviRobot/ros2test_ws/install/lslidar_msgs/include/lslidar_msgs/lslidar_msgs/msg/detail/lslidar_packet__type_support.c
[0.301s] -- Up-to-date: /home/tungchiahui/UserFloder/mysource/CyberNaviRobot/ros2test_ws/install/lslidar_msgs/include/lslidar_msgs/lslidar_msgs/msg/detail/lslidar_point__rosidl_typesupport_introspection_c.h
[0.301s] -- Up-to-date: /home/tungchiahui/UserFloder/mysource/CyberNaviRobot/ros2test_ws/install/lslidar_msgs/include/lslidar_msgs/lslidar_msgs/msg/detail/lslidar_point__type_support.c
[0.301s] -- Up-to-date: /home/tungchiahui/UserFloder/mysource/CyberNaviRobot/ros2test_ws/install/lslidar_msgs/include/lslidar_msgs/lslidar_msgs/msg/detail/lslidar_scan__rosidl_typesupport_introspection_c.h
[0.301s] -- Up-to-date: /home/tungchiahui/UserFloder/mysource/CyberNaviRobot/ros2test_ws/install/lslidar_msgs/include/lslidar_msgs/lslidar_msgs/msg/detail/lslidar_scan__type_support.c
[0.301s] -- Up-to-date: /home/tungchiahui/UserFloder/mysource/CyberNaviRobot/ros2test_ws/install/lslidar_msgs/include/lslidar_msgs/lslidar_msgs/msg/detail/lslidar_sweep__rosidl_typesupport_introspection_c.h
[0.301s] -- Up-to-date: /home/tungchiahui/UserFloder/mysource/CyberNaviRobot/ros2test_ws/install/lslidar_msgs/include/lslidar_msgs/lslidar_msgs/msg/detail/lslidar_sweep__type_support.c
[0.301s] -- Up-to-date: /home/tungchiahui/UserFloder/mysource/CyberNaviRobot/ros2test_ws/install/lslidar_msgs/lib/liblslidar_msgs__rosidl_typesupport_introspection_c.so
[0.302s] -- Up-to-date: /home/tungchiahui/UserFloder/mysource/CyberNaviRobot/ros2test_ws/install/lslidar_msgs/lib/liblslidar_msgs__rosidl_typesupport_c.so
[0.302s] -- Up-to-date: /home/tungchiahui/UserFloder/mysource/CyberNaviRobot/ros2test_ws/install/lslidar_msgs/include/lslidar_msgs/lslidar_msgs
[0.302s] -- Up-to-date: /home/tungchiahui/UserFloder/mysource/CyberNaviRobot/ros2test_ws/install/lslidar_msgs/include/lslidar_msgs/lslidar_msgs/msg
[0.302s] -- Up-to-date: /home/tungchiahui/UserFloder/mysource/CyberNaviRobot/ros2test_ws/install/lslidar_msgs/include/lslidar_msgs/lslidar_msgs/msg/detail
[0.302s] -- Up-to-date: /home/tungchiahui/UserFloder/mysource/CyberNaviRobot/ros2test_ws/install/lslidar_msgs/include/lslidar_msgs/lslidar_msgs/msg/detail/lslidar_difop__rosidl_typesupport_introspection_cpp.hpp
[0.302s] -- Up-to-date: /home/tungchiahui/UserFloder/mysource/CyberNaviRobot/ros2test_ws/install/lslidar_msgs/include/lslidar_msgs/lslidar_msgs/msg/detail/lslidar_difop__type_support.cpp
[0.302s] -- Up-to-date: /home/tungchiahui/UserFloder/mysource/CyberNaviRobot/ros2test_ws/install/lslidar_msgs/include/lslidar_msgs/lslidar_msgs/msg/detail/lslidar_packet__rosidl_typesupport_introspection_cpp.hpp
[0.302s] -- Up-to-date: /home/tungchiahui/UserFloder/mysource/CyberNaviRobot/ros2test_ws/install/lslidar_msgs/include/lslidar_msgs/lslidar_msgs/msg/detail/lslidar_packet__type_support.cpp
[0.302s] -- Up-to-date: /home/tungchiahui/UserFloder/mysource/CyberNaviRobot/ros2test_ws/install/lslidar_msgs/include/lslidar_msgs/lslidar_msgs/msg/detail/lslidar_point__rosidl_typesupport_introspection_cpp.hpp
[0.302s] -- Up-to-date: /home/tungchiahui/UserFloder/mysource/CyberNaviRobot/ros2test_ws/install/lslidar_msgs/include/lslidar_msgs/lslidar_msgs/msg/detail/lslidar_point__type_support.cpp
[0.302s] -- Up-to-date: /home/tungchiahui/UserFloder/mysource/CyberNaviRobot/ros2test_ws/install/lslidar_msgs/include/lslidar_msgs/lslidar_msgs/msg/detail/lslidar_scan__rosidl_typesupport_introspection_cpp.hpp
[0.302s] -- Up-to-date: /home/tungchiahui/UserFloder/mysource/CyberNaviRobot/ros2test_ws/install/lslidar_msgs/include/lslidar_msgs/lslidar_msgs/msg/detail/lslidar_scan__type_support.cpp
[0.302s] -- Up-to-date: /home/tungchiahui/UserFloder/mysource/CyberNaviRobot/ros2test_ws/install/lslidar_msgs/include/lslidar_msgs/lslidar_msgs/msg/detail/lslidar_sweep__rosidl_typesupport_introspection_cpp.hpp
[0.302s] -- Up-to-date: /home/tungchiahui/UserFloder/mysource/CyberNaviRobot/ros2test_ws/install/lslidar_msgs/include/lslidar_msgs/lslidar_msgs/msg/detail/lslidar_sweep__type_support.cpp
[0.302s] -- Up-to-date: /home/tungchiahui/UserFloder/mysource/CyberNaviRobot/ros2test_ws/install/lslidar_msgs/lib/liblslidar_msgs__rosidl_typesupport_introspection_cpp.so
[0.302s] -- Up-to-date: /home/tungchiahui/UserFloder/mysource/CyberNaviRobot/ros2test_ws/install/lslidar_msgs/lib/liblslidar_msgs__rosidl_typesupport_cpp.so
[0.302s] -- Up-to-date: /home/tungchiahui/UserFloder/mysource/CyberNaviRobot/ros2test_ws/install/lslidar_msgs/share/lslidar_msgs/environment/pythonpath.sh
[0.302s] -- Up-to-date: /home/tungchiahui/UserFloder/mysource/CyberNaviRobot/ros2test_ws/install/lslidar_msgs/share/lslidar_msgs/environment/pythonpath.dsv
[0.302s] -- Up-to-date: /home/tungchiahui/UserFloder/mysource/CyberNaviRobot/ros2test_ws/install/lslidar_msgs/lib/python3.12/site-packages/lslidar_msgs-1.2.0-py3.12.egg-info
[0.302s] -- Installing: /home/tungchiahui/UserFloder/mysource/CyberNaviRobot/ros2test_ws/install/lslidar_msgs/lib/python3.12/site-packages/lslidar_msgs-1.2.0-py3.12.egg-info/PKG-INFO
[0.302s] -- Installing: /home/tungchiahui/UserFloder/mysource/CyberNaviRobot/ros2test_ws/install/lslidar_msgs/lib/python3.12/site-packages/lslidar_msgs-1.2.0-py3.12.egg-info/dependency_links.txt
[0.302s] -- Installing: /home/tungchiahui/UserFloder/mysource/CyberNaviRobot/ros2test_ws/install/lslidar_msgs/lib/python3.12/site-packages/lslidar_msgs-1.2.0-py3.12.egg-info/top_level.txt
[0.302s] -- Installing: /home/tungchiahui/UserFloder/mysource/CyberNaviRobot/ros2test_ws/install/lslidar_msgs/lib/python3.12/site-packages/lslidar_msgs-1.2.0-py3.12.egg-info/SOURCES.txt
[0.303s] -- Up-to-date: /home/tungchiahui/UserFloder/mysource/CyberNaviRobot/ros2test_ws/install/lslidar_msgs/lib/python3.12/site-packages/lslidar_msgs
[0.303s] -- Up-to-date: /home/tungchiahui/UserFloder/mysource/CyberNaviRobot/ros2test_ws/install/lslidar_msgs/lib/python3.12/site-packages/lslidar_msgs/__init__.py
[0.303s] -- Up-to-date: /home/tungchiahui/UserFloder/mysource/CyberNaviRobot/ros2test_ws/install/lslidar_msgs/lib/python3.12/site-packages/lslidar_msgs/msg
[0.303s] -- Up-to-date: /home/tungchiahui/UserFloder/mysource/CyberNaviRobot/ros2test_ws/install/lslidar_msgs/lib/python3.12/site-packages/lslidar_msgs/msg/_lslidar_difop.py
[0.303s] -- Up-to-date: /home/tungchiahui/UserFloder/mysource/CyberNaviRobot/ros2test_ws/install/lslidar_msgs/lib/python3.12/site-packages/lslidar_msgs/msg/_lslidar_difop_s.c
[0.303s] -- Up-to-date: /home/tungchiahui/UserFloder/mysource/CyberNaviRobot/ros2test_ws/install/lslidar_msgs/lib/python3.12/site-packages/lslidar_msgs/msg/_lslidar_packet.py
[0.303s] -- Up-to-date: /home/tungchiahui/UserFloder/mysource/CyberNaviRobot/ros2test_ws/install/lslidar_msgs/lib/python3.12/site-packages/lslidar_msgs/msg/_lslidar_packet_s.c
[0.303s] -- Up-to-date: /home/tungchiahui/UserFloder/mysource/CyberNaviRobot/ros2test_ws/install/lslidar_msgs/lib/python3.12/site-packages/lslidar_msgs/msg/_lslidar_point.py
[0.303s] -- Up-to-date: /home/tungchiahui/UserFloder/mysource/CyberNaviRobot/ros2test_ws/install/lslidar_msgs/lib/python3.12/site-packages/lslidar_msgs/msg/_lslidar_point_s.c
[0.303s] -- Up-to-date: /home/tungchiahui/UserFloder/mysource/CyberNaviRobot/ros2test_ws/install/lslidar_msgs/lib/python3.12/site-packages/lslidar_msgs/msg/_lslidar_scan.py
[0.303s] -- Up-to-date: /home/tungchiahui/UserFloder/mysource/CyberNaviRobot/ros2test_ws/install/lslidar_msgs/lib/python3.12/site-packages/lslidar_msgs/msg/_lslidar_scan_s.c
[0.303s] -- Up-to-date: /home/tungchiahui/UserFloder/mysource/CyberNaviRobot/ros2test_ws/install/lslidar_msgs/lib/python3.12/site-packages/lslidar_msgs/msg/_lslidar_sweep.py
[0.303s] -- Up-to-date: /home/tungchiahui/UserFloder/mysource/CyberNaviRobot/ros2test_ws/install/lslidar_msgs/lib/python3.12/site-packages/lslidar_msgs/msg/_lslidar_sweep_s.c
[0.303s] -- Up-to-date: /home/tungchiahui/UserFloder/mysource/CyberNaviRobot/ros2test_ws/install/lslidar_msgs/lib/python3.12/site-packages/lslidar_msgs/msg/__init__.py
[0.303s] -- Up-to-date: /home/tungchiahui/UserFloder/mysource/CyberNaviRobot/ros2test_ws/install/lslidar_msgs/lib/python3.12/site-packages/lslidar_msgs/_lslidar_msgs_s.ep.rosidl_typesupport_fastrtps_c.c
[0.303s] -- Up-to-date: /home/tungchiahui/UserFloder/mysource/CyberNaviRobot/ros2test_ws/install/lslidar_msgs/lib/python3.12/site-packages/lslidar_msgs/_lslidar_msgs_s.ep.rosidl_typesupport_introspection_c.c
[0.303s] -- Up-to-date: /home/tungchiahui/UserFloder/mysource/CyberNaviRobot/ros2test_ws/install/lslidar_msgs/lib/python3.12/site-packages/lslidar_msgs/_lslidar_msgs_s.ep.rosidl_typesupport_c.c
[0.303s] -- Up-to-date: /home/tungchiahui/UserFloder/mysource/CyberNaviRobot/ros2test_ws/install/lslidar_msgs/lib/python3.12/site-packages/lslidar_msgs/lslidar_msgs_s__rosidl_typesupport_c.so
[0.303s] -- Up-to-date: /home/tungchiahui/UserFloder/mysource/CyberNaviRobot/ros2test_ws/install/lslidar_msgs/lib/python3.12/site-packages/lslidar_msgs/lslidar_msgs_s__rosidl_typesupport_introspection_c.so
[0.303s] -- Up-to-date: /home/tungchiahui/UserFloder/mysource/CyberNaviRobot/ros2test_ws/install/lslidar_msgs/lib/python3.12/site-packages/lslidar_msgs/lslidar_msgs_s__rosidl_typesupport_fastrtps_c.so
[0.324s] Listing '/home/tungchiahui/UserFloder/mysource/CyberNaviRobot/ros2test_ws/install/lslidar_msgs/lib/python3.12/site-packages/lslidar_msgs'...
[0.324s] Listing '/home/tungchiahui/UserFloder/mysource/CyberNaviRobot/ros2test_ws/install/lslidar_msgs/lib/python3.12/site-packages/lslidar_msgs/msg'...
[0.328s] -- Up-to-date: /home/tungchiahui/UserFloder/mysource/CyberNaviRobot/ros2test_ws/install/lslidar_msgs/lib/python3.12/site-packages/lslidar_msgs/lslidar_msgs_s__rosidl_typesupport_fastrtps_c.so
[0.328s] -- Up-to-date: /home/tungchiahui/UserFloder/mysource/CyberNaviRobot/ros2test_ws/install/lslidar_msgs/lib/python3.12/site-packages/lslidar_msgs/lslidar_msgs_s__rosidl_typesupport_introspection_c.so
[0.328s] -- Up-to-date: /home/tungchiahui/UserFloder/mysource/CyberNaviRobot/ros2test_ws/install/lslidar_msgs/lib/python3.12/site-packages/lslidar_msgs/lslidar_msgs_s__rosidl_typesupport_c.so
[0.328s] -- Up-to-date: /home/tungchiahui/UserFloder/mysource/CyberNaviRobot/ros2test_ws/install/lslidar_msgs/lib/liblslidar_msgs__rosidl_generator_py.so
[0.328s] -- Up-to-date: /home/tungchiahui/UserFloder/mysource/CyberNaviRobot/ros2test_ws/install/lslidar_msgs/share/lslidar_msgs/msg/LslidarDifop.idl
[0.328s] -- Up-to-date: /home/tungchiahui/UserFloder/mysource/CyberNaviRobot/ros2test_ws/install/lslidar_msgs/share/lslidar_msgs/msg/LslidarPacket.idl
[0.328s] -- Up-to-date: /home/tungchiahui/UserFloder/mysource/CyberNaviRobot/ros2test_ws/install/lslidar_msgs/share/lslidar_msgs/msg/LslidarPoint.idl
[0.328s] -- Up-to-date: /home/tungchiahui/UserFloder/mysource/CyberNaviRobot/ros2test_ws/install/lslidar_msgs/share/lslidar_msgs/msg/LslidarScan.idl
[0.328s] -- Up-to-date: /home/tungchiahui/UserFloder/mysource/CyberNaviRobot/ros2test_ws/install/lslidar_msgs/share/lslidar_msgs/msg/LslidarSweep.idl
[0.329s] -- Up-to-date: /home/tungchiahui/UserFloder/mysource/CyberNaviRobot/ros2test_ws/install/lslidar_msgs/share/lslidar_msgs/msg/LslidarDifop.msg
[0.329s] -- Up-to-date: /home/tungchiahui/UserFloder/mysource/CyberNaviRobot/ros2test_ws/install/lslidar_msgs/share/lslidar_msgs/msg/LslidarPacket.msg
[0.329s] -- Up-to-date: /home/tungchiahui/UserFloder/mysource/CyberNaviRobot/ros2test_ws/install/lslidar_msgs/share/lslidar_msgs/msg/LslidarPoint.msg
[0.329s] -- Up-to-date: /home/tungchiahui/UserFloder/mysource/CyberNaviRobot/ros2test_ws/install/lslidar_msgs/share/lslidar_msgs/msg/LslidarScan.msg
[0.329s] -- Up-to-date: /home/tungchiahui/UserFloder/mysource/CyberNaviRobot/ros2test_ws/install/lslidar_msgs/share/lslidar_msgs/msg/LslidarSweep.msg
[0.329s] -- Up-to-date: /home/tungchiahui/UserFloder/mysource/CyberNaviRobot/ros2test_ws/install/lslidar_msgs/share/ament_index/resource_index/package_run_dependencies/lslidar_msgs
[0.329s] -- Up-to-date: /home/tungchiahui/UserFloder/mysource/CyberNaviRobot/ros2test_ws/install/lslidar_msgs/share/ament_index/resource_index/parent_prefix_path/lslidar_msgs
[0.329s] -- Up-to-date: /home/tungchiahui/UserFloder/mysource/CyberNaviRobot/ros2test_ws/install/lslidar_msgs/share/lslidar_msgs/environment/ament_prefix_path.sh
[0.329s] -- Up-to-date: /home/tungchiahui/UserFloder/mysource/CyberNaviRobot/ros2test_ws/install/lslidar_msgs/share/lslidar_msgs/environment/ament_prefix_path.dsv
[0.329s] -- Up-to-date: /home/tungchiahui/UserFloder/mysource/CyberNaviRobot/ros2test_ws/install/lslidar_msgs/share/lslidar_msgs/environment/path.sh
[0.329s] -- Up-to-date: /home/tungchiahui/UserFloder/mysource/CyberNaviRobot/ros2test_ws/install/lslidar_msgs/share/lslidar_msgs/environment/path.dsv
[0.329s] -- Up-to-date: /home/tungchiahui/UserFloder/mysource/CyberNaviRobot/ros2test_ws/install/lslidar_msgs/share/lslidar_msgs/local_setup.bash
[0.329s] -- Up-to-date: /home/tungchiahui/UserFloder/mysource/CyberNaviRobot/ros2test_ws/install/lslidar_msgs/share/lslidar_msgs/local_setup.sh
[0.329s] -- Up-to-date: /home/tungchiahui/UserFloder/mysource/CyberNaviRobot/ros2test_ws/install/lslidar_msgs/share/lslidar_msgs/local_setup.zsh
[0.329s] -- Up-to-date: /home/tungchiahui/UserFloder/mysource/CyberNaviRobot/ros2test_ws/install/lslidar_msgs/share/lslidar_msgs/local_setup.dsv
[0.329s] -- Installing: /home/tungchiahui/UserFloder/mysource/CyberNaviRobot/ros2test_ws/install/lslidar_msgs/share/lslidar_msgs/package.dsv
[0.329s] -- Up-to-date: /home/tungchiahui/UserFloder/mysource/CyberNaviRobot/ros2test_ws/install/lslidar_msgs/share/ament_index/resource_index/packages/lslidar_msgs
[0.337s] -- Up-to-date: /home/tungchiahui/UserFloder/mysource/CyberNaviRobot/ros2test_ws/install/lslidar_msgs/share/lslidar_msgs/cmake/export_lslidar_msgs__rosidl_generator_cExport.cmake
[0.337s] -- Up-to-date: /home/tungchiahui/UserFloder/mysource/CyberNaviRobot/ros2test_ws/install/lslidar_msgs/share/lslidar_msgs/cmake/export_lslidar_msgs__rosidl_generator_cExport-noconfig.cmake
[0.337s] -- Up-to-date: /home/tungchiahui/UserFloder/mysource/CyberNaviRobot/ros2test_ws/install/lslidar_msgs/share/lslidar_msgs/cmake/export_lslidar_msgs__rosidl_typesupport_fastrtps_cExport.cmake
[0.337s] -- Up-to-date: /home/tungchiahui/UserFloder/mysource/CyberNaviRobot/ros2test_ws/install/lslidar_msgs/share/lslidar_msgs/cmake/export_lslidar_msgs__rosidl_typesupport_fastrtps_cExport-noconfig.cmake
[0.337s] -- Up-to-date: /home/tungchiahui/UserFloder/mysource/CyberNaviRobot/ros2test_ws/install/lslidar_msgs/share/lslidar_msgs/cmake/export_lslidar_msgs__rosidl_generator_cppExport.cmake
[0.337s] -- Up-to-date: /home/tungchiahui/UserFloder/mysource/CyberNaviRobot/ros2test_ws/install/lslidar_msgs/share/lslidar_msgs/cmake/export_lslidar_msgs__rosidl_typesupport_fastrtps_cppExport.cmake
[0.337s] -- Up-to-date: /home/tungchiahui/UserFloder/mysource/CyberNaviRobot/ros2test_ws/install/lslidar_msgs/share/lslidar_msgs/cmake/export_lslidar_msgs__rosidl_typesupport_fastrtps_cppExport-noconfig.cmake
[0.337s] -- Up-to-date: /home/tungchiahui/UserFloder/mysource/CyberNaviRobot/ros2test_ws/install/lslidar_msgs/share/lslidar_msgs/cmake/lslidar_msgs__rosidl_typesupport_introspection_cExport.cmake
[0.337s] -- Up-to-date: /home/tungchiahui/UserFloder/mysource/CyberNaviRobot/ros2test_ws/install/lslidar_msgs/share/lslidar_msgs/cmake/lslidar_msgs__rosidl_typesupport_introspection_cExport-noconfig.cmake
[0.337s] -- Up-to-date: /home/tungchiahui/UserFloder/mysource/CyberNaviRobot/ros2test_ws/install/lslidar_msgs/share/lslidar_msgs/cmake/lslidar_msgs__rosidl_typesupport_cExport.cmake
[0.337s] -- Up-to-date: /home/tungchiahui/UserFloder/mysource/CyberNaviRobot/ros2test_ws/install/lslidar_msgs/share/lslidar_msgs/cmake/lslidar_msgs__rosidl_typesupport_cExport-noconfig.cmake
[0.338s] -- Up-to-date: /home/tungchiahui/UserFloder/mysource/CyberNaviRobot/ros2test_ws/install/lslidar_msgs/share/lslidar_msgs/cmake/lslidar_msgs__rosidl_typesupport_introspection_cppExport.cmake
[0.338s] -- Up-to-date: /home/tungchiahui/UserFloder/mysource/CyberNaviRobot/ros2test_ws/install/lslidar_msgs/share/lslidar_msgs/cmake/lslidar_msgs__rosidl_typesupport_introspection_cppExport-noconfig.cmake
[0.338s] -- Up-to-date: /home/tungchiahui/UserFloder/mysource/CyberNaviRobot/ros2test_ws/install/lslidar_msgs/share/lslidar_msgs/cmake/lslidar_msgs__rosidl_typesupport_cppExport.cmake
[0.338s] -- Up-to-date: /home/tungchiahui/UserFloder/mysource/CyberNaviRobot/ros2test_ws/install/lslidar_msgs/share/lslidar_msgs/cmake/lslidar_msgs__rosidl_typesupport_cppExport-noconfig.cmake
[0.338s] -- Up-to-date: /home/tungchiahui/UserFloder/mysource/CyberNaviRobot/ros2test_ws/install/lslidar_msgs/share/lslidar_msgs/cmake/export_lslidar_msgs__rosidl_generator_pyExport.cmake
[0.338s] -- Up-to-date: /home/tungchiahui/UserFloder/mysource/CyberNaviRobot/ros2test_ws/install/lslidar_msgs/share/lslidar_msgs/cmake/export_lslidar_msgs__rosidl_generator_pyExport-noconfig.cmake
[0.338s] -- Up-to-date: /home/tungchiahui/UserFloder/mysource/CyberNaviRobot/ros2test_ws/install/lslidar_msgs/share/lslidar_msgs/cmake/rosidl_cmake-extras.cmake
[0.338s] -- Up-to-date: /home/tungchiahui/UserFloder/mysource/CyberNaviRobot/ros2test_ws/install/lslidar_msgs/share/lslidar_msgs/cmake/ament_cmake_export_dependencies-extras.cmake
[0.338s] -- Up-to-date: /home/tungchiahui/UserFloder/mysource/CyberNaviRobot/ros2test_ws/install/lslidar_msgs/share/lslidar_msgs/cmake/ament_cmake_export_include_directories-extras.cmake
[0.338s] -- Up-to-date: /home/tungchiahui/UserFloder/mysource/CyberNaviRobot/ros2test_ws/install/lslidar_msgs/share/lslidar_msgs/cmake/ament_cmake_export_libraries-extras.cmake
[0.338s] -- Up-to-date: /home/tungchiahui/UserFloder/mysource/CyberNaviRobot/ros2test_ws/install/lslidar_msgs/share/lslidar_msgs/cmake/ament_cmake_export_targets-extras.cmake
[0.338s] -- Up-to-date: /home/tungchiahui/UserFloder/mysource/CyberNaviRobot/ros2test_ws/install/lslidar_msgs/share/lslidar_msgs/cmake/rosidl_cmake_export_typesupport_targets-extras.cmake
[0.338s] -- Up-to-date: /home/tungchiahui/UserFloder/mysource/CyberNaviRobot/ros2test_ws/install/lslidar_msgs/share/lslidar_msgs/cmake/rosidl_cmake_export_typesupport_libraries-extras.cmake
[0.339s] -- Up-to-date: /home/tungchiahui/UserFloder/mysource/CyberNaviRobot/ros2test_ws/install/lslidar_msgs/share/lslidar_msgs/cmake/lslidar_msgsConfig.cmake
[0.339s] -- Up-to-date: /home/tungchiahui/UserFloder/mysource/CyberNaviRobot/ros2test_ws/install/lslidar_msgs/share/lslidar_msgs/cmake/lslidar_msgsConfig-version.cmake
[0.339s] -- Up-to-date: /home/tungchiahui/UserFloder/mysource/CyberNaviRobot/ros2test_ws/install/lslidar_msgs/share/lslidar_msgs/package.xml
[0.340s] Invoked command in '/home/tungchiahui/UserFloder/mysource/CyberNaviRobot/ros2test_ws/build/lslidar_msgs' returned '0': CMAKE_PREFIX_PATH=${CMAKE_PREFIX_PATH}:/opt/ros/jazzy /usr/bin/cmake --install /home/tungchiahui/UserFloder/mysource/CyberNaviRobot/ros2test_ws/build/lslidar_msgs
