[0.007s] Invoking command in '/home/tungchiahui/UserFloder/mysource/CyberNaviRobot/ros2test_ws/build/lslidar_driver': AMENT_PREFIX_PATH=/home/tungchiahui/UserFloder/mysource/CyberNaviRobot/ros2test_ws/install/lslidar_msgs:${AMENT_PREFIX_PATH} CMAKE_PREFIX_PATH=/home/tungchiahui/UserFloder/mysource/CyberNaviRobot/ros2test_ws/install/lslidar_msgs:/opt/ros/jazzy/opt/gz_sim_vendor:/opt/ros/jazzy/opt/gz_sensors_vendor:/opt/ros/jazzy/opt/gz_physics_vendor:/opt/ros/jazzy/opt/sdformat_vendor:/opt/ros/jazzy/opt/gz_gui_vendor:/opt/ros/jazzy/opt/gz_transport_vendor:/opt/ros/jazzy/opt/gz_rendering_vendor:/opt/ros/jazzy/opt/gz_plugin_vendor:/opt/ros/jazzy/opt/gz_fuel_tools_vendor:/opt/ros/jazzy/opt/gz_msgs_vendor:/opt/ros/jazzy/opt/gz_common_vendor:/opt/ros/jazzy/opt/gz_math_vendor:/opt/ros/jazzy/opt/gz_utils_vendor:/opt/ros/jazzy/opt/gz_tools_vendor:/opt/ros/jazzy/opt/gz_ogre_next_vendor:/opt/ros/jazzy/opt/gz_dartsim_vendor:/opt/ros/jazzy/opt/gz_cmake_vendor:/opt/ros/jazzy LD_LIBRARY_PATH=/home/tungchiahui/UserFloder/mysource/CyberNaviRobot/ros2test_ws/install/lslidar_msgs/lib:${LD_LIBRARY_PATH} PYTHONPATH=/home/tungchiahui/UserFloder/mysource/CyberNaviRobot/ros2test_ws/install/lslidar_msgs/lib/python3.12/site-packages:${PYTHONPATH} /usr/bin/cmake --build /home/tungchiahui/UserFloder/mysource/CyberNaviRobot/ros2test_ws/build/lslidar_driver -- -j16 -l16
[0.116s] [100%] Built target lslidar_driver_node
[0.129s] Invoked command in '/home/tungchiahui/UserFloder/mysource/CyberNaviRobot/ros2test_ws/build/lslidar_driver' returned '0': AMENT_PREFIX_PATH=/home/tungchiahui/UserFloder/mysource/CyberNaviRobot/ros2test_ws/install/lslidar_msgs:${AMENT_PREFIX_PATH} CMAKE_PREFIX_PATH=/home/tungchiahui/UserFloder/mysource/CyberNaviRobot/ros2test_ws/install/lslidar_msgs:/opt/ros/jazzy/opt/gz_sim_vendor:/opt/ros/jazzy/opt/gz_sensors_vendor:/opt/ros/jazzy/opt/gz_physics_vendor:/opt/ros/jazzy/opt/sdformat_vendor:/opt/ros/jazzy/opt/gz_gui_vendor:/opt/ros/jazzy/opt/gz_transport_vendor:/opt/ros/jazzy/opt/gz_rendering_vendor:/opt/ros/jazzy/opt/gz_plugin_vendor:/opt/ros/jazzy/opt/gz_fuel_tools_vendor:/opt/ros/jazzy/opt/gz_msgs_vendor:/opt/ros/jazzy/opt/gz_common_vendor:/opt/ros/jazzy/opt/gz_math_vendor:/opt/ros/jazzy/opt/gz_utils_vendor:/opt/ros/jazzy/opt/gz_tools_vendor:/opt/ros/jazzy/opt/gz_ogre_next_vendor:/opt/ros/jazzy/opt/gz_dartsim_vendor:/opt/ros/jazzy/opt/gz_cmake_vendor:/opt/ros/jazzy LD_LIBRARY_PATH=/home/tungchiahui/UserFloder/mysource/CyberNaviRobot/ros2test_ws/install/lslidar_msgs/lib:${LD_LIBRARY_PATH} PYTHONPATH=/home/tungchiahui/UserFloder/mysource/CyberNaviRobot/ros2test_ws/install/lslidar_msgs/lib/python3.12/site-packages:${PYTHONPATH} /usr/bin/cmake --build /home/tungchiahui/UserFloder/mysource/CyberNaviRobot/ros2test_ws/build/lslidar_driver -- -j16 -l16
[0.130s] Invoking command in '/home/tungchiahui/UserFloder/mysource/CyberNaviRobot/ros2test_ws/build/lslidar_driver': AMENT_PREFIX_PATH=/home/tungchiahui/UserFloder/mysource/CyberNaviRobot/ros2test_ws/install/lslidar_msgs:${AMENT_PREFIX_PATH} CMAKE_PREFIX_PATH=/home/tungchiahui/UserFloder/mysource/CyberNaviRobot/ros2test_ws/install/lslidar_msgs:/opt/ros/jazzy/opt/gz_sim_vendor:/opt/ros/jazzy/opt/gz_sensors_vendor:/opt/ros/jazzy/opt/gz_physics_vendor:/opt/ros/jazzy/opt/sdformat_vendor:/opt/ros/jazzy/opt/gz_gui_vendor:/opt/ros/jazzy/opt/gz_transport_vendor:/opt/ros/jazzy/opt/gz_rendering_vendor:/opt/ros/jazzy/opt/gz_plugin_vendor:/opt/ros/jazzy/opt/gz_fuel_tools_vendor:/opt/ros/jazzy/opt/gz_msgs_vendor:/opt/ros/jazzy/opt/gz_common_vendor:/opt/ros/jazzy/opt/gz_math_vendor:/opt/ros/jazzy/opt/gz_utils_vendor:/opt/ros/jazzy/opt/gz_tools_vendor:/opt/ros/jazzy/opt/gz_ogre_next_vendor:/opt/ros/jazzy/opt/gz_dartsim_vendor:/opt/ros/jazzy/opt/gz_cmake_vendor:/opt/ros/jazzy LD_LIBRARY_PATH=/home/tungchiahui/UserFloder/mysource/CyberNaviRobot/ros2test_ws/install/lslidar_msgs/lib:${LD_LIBRARY_PATH} PYTHONPATH=/home/tungchiahui/UserFloder/mysource/CyberNaviRobot/ros2test_ws/install/lslidar_msgs/lib/python3.12/site-packages:${PYTHONPATH} /usr/bin/cmake --install /home/tungchiahui/UserFloder/mysource/CyberNaviRobot/ros2test_ws/build/lslidar_driver
[0.138s] -- Install configuration: ""
[0.138s] -- Up-to-date: /home/tungchiahui/UserFloder/mysource/CyberNaviRobot/ros2test_ws/install/lslidar_driver/share/lslidar_driver/launch
[0.138s] -- Up-to-date: /home/tungchiahui/UserFloder/mysource/CyberNaviRobot/ros2test_ws/install/lslidar_driver/share/lslidar_driver/launch/lslidar_double_launch.py
[0.138s] -- Up-to-date: /home/tungchiahui/UserFloder/mysource/CyberNaviRobot/ros2test_ws/install/lslidar_driver/share/lslidar_driver/launch/lsm10p_net_launch.py
[0.138s] -- Up-to-date: /home/tungchiahui/UserFloder/mysource/CyberNaviRobot/ros2test_ws/install/lslidar_driver/share/lslidar_driver/launch/lsm10p_uart_launch.py
[0.138s] -- Up-to-date: /home/tungchiahui/UserFloder/mysource/CyberNaviRobot/ros2test_ws/install/lslidar_driver/share/lslidar_driver/launch/lsm10_net_launch.py
[0.138s] -- Up-to-date: /home/tungchiahui/UserFloder/mysource/CyberNaviRobot/ros2test_ws/install/lslidar_driver/share/lslidar_driver/launch/lsm10_uart_launch.py
[0.138s] -- Up-to-date: /home/tungchiahui/UserFloder/mysource/CyberNaviRobot/ros2test_ws/install/lslidar_driver/share/lslidar_driver/launch/lsn10p_launch.py
[0.138s] -- Up-to-date: /home/tungchiahui/UserFloder/mysource/CyberNaviRobot/ros2test_ws/install/lslidar_driver/share/lslidar_driver/launch/lsn10p_net_launch.py
[0.139s] -- Up-to-date: /home/tungchiahui/UserFloder/mysource/CyberNaviRobot/ros2test_ws/install/lslidar_driver/share/lslidar_driver/launch/lsn10_launch.py
[0.139s] -- Up-to-date: /home/tungchiahui/UserFloder/mysource/CyberNaviRobot/ros2test_ws/install/lslidar_driver/share/lslidar_driver/launch/lsn10_net_launch.py
[0.139s] -- Up-to-date: /home/tungchiahui/UserFloder/mysource/CyberNaviRobot/ros2test_ws/install/lslidar_driver/share/lslidar_driver/launch/viewer_scan_launch.py
[0.139s] -- Up-to-date: /home/tungchiahui/UserFloder/mysource/CyberNaviRobot/ros2test_ws/install/lslidar_driver/share/lslidar_driver/params
[0.139s] -- Up-to-date: /home/tungchiahui/UserFloder/mysource/CyberNaviRobot/ros2test_ws/install/lslidar_driver/share/lslidar_driver/params/lidar_net_ros2
[0.139s] -- Up-to-date: /home/tungchiahui/UserFloder/mysource/CyberNaviRobot/ros2test_ws/install/lslidar_driver/share/lslidar_driver/params/lidar_net_ros2/lsm10p_net.yaml
[0.139s] -- Up-to-date: /home/tungchiahui/UserFloder/mysource/CyberNaviRobot/ros2test_ws/install/lslidar_driver/share/lslidar_driver/params/lidar_net_ros2/lsm10_net.yaml
[0.139s] -- Up-to-date: /home/tungchiahui/UserFloder/mysource/CyberNaviRobot/ros2test_ws/install/lslidar_driver/share/lslidar_driver/params/lidar_net_ros2/lsn10p_net.yaml
[0.139s] -- Up-to-date: /home/tungchiahui/UserFloder/mysource/CyberNaviRobot/ros2test_ws/install/lslidar_driver/share/lslidar_driver/params/lidar_net_ros2/lsn10_net.yaml
[0.139s] -- Up-to-date: /home/tungchiahui/UserFloder/mysource/CyberNaviRobot/ros2test_ws/install/lslidar_driver/share/lslidar_driver/params/lidar_uart_ros2
[0.139s] -- Up-to-date: /home/tungchiahui/UserFloder/mysource/CyberNaviRobot/ros2test_ws/install/lslidar_driver/share/lslidar_driver/params/lidar_uart_ros2/lsm10.yaml
[0.139s] -- Up-to-date: /home/tungchiahui/UserFloder/mysource/CyberNaviRobot/ros2test_ws/install/lslidar_driver/share/lslidar_driver/params/lidar_uart_ros2/lsm10_p.yaml
[0.139s] -- Up-to-date: /home/tungchiahui/UserFloder/mysource/CyberNaviRobot/ros2test_ws/install/lslidar_driver/share/lslidar_driver/params/lidar_uart_ros2/lsn10.yaml
[0.139s] -- Up-to-date: /home/tungchiahui/UserFloder/mysource/CyberNaviRobot/ros2test_ws/install/lslidar_driver/share/lslidar_driver/params/lidar_uart_ros2/lsn10p.yaml
[0.139s] -- Up-to-date: /home/tungchiahui/UserFloder/mysource/CyberNaviRobot/ros2test_ws/install/lslidar_driver/share/lslidar_driver/rviz
[0.139s] -- Up-to-date: /home/tungchiahui/UserFloder/mysource/CyberNaviRobot/ros2test_ws/install/lslidar_driver/share/lslidar_driver/rviz/lslidar.rviz
[0.139s] -- Up-to-date: /home/tungchiahui/UserFloder/mysource/CyberNaviRobot/ros2test_ws/install/lslidar_driver/lib/lslidar_driver/lslidar_driver_node
[0.140s] -- Up-to-date: /home/tungchiahui/UserFloder/mysource/CyberNaviRobot/ros2test_ws/install/lslidar_driver/share/ament_index/resource_index/package_run_dependencies/lslidar_driver
[0.140s] -- Up-to-date: /home/tungchiahui/UserFloder/mysource/CyberNaviRobot/ros2test_ws/install/lslidar_driver/share/ament_index/resource_index/parent_prefix_path/lslidar_driver
[0.140s] -- Up-to-date: /home/tungchiahui/UserFloder/mysource/CyberNaviRobot/ros2test_ws/install/lslidar_driver/share/lslidar_driver/environment/ament_prefix_path.sh
[0.140s] -- Up-to-date: /home/tungchiahui/UserFloder/mysource/CyberNaviRobot/ros2test_ws/install/lslidar_driver/share/lslidar_driver/environment/ament_prefix_path.dsv
[0.140s] -- Up-to-date: /home/tungchiahui/UserFloder/mysource/CyberNaviRobot/ros2test_ws/install/lslidar_driver/share/lslidar_driver/environment/path.sh
[0.140s] -- Up-to-date: /home/tungchiahui/UserFloder/mysource/CyberNaviRobot/ros2test_ws/install/lslidar_driver/share/lslidar_driver/environment/path.dsv
[0.140s] -- Up-to-date: /home/tungchiahui/UserFloder/mysource/CyberNaviRobot/ros2test_ws/install/lslidar_driver/share/lslidar_driver/local_setup.bash
[0.140s] -- Up-to-date: /home/tungchiahui/UserFloder/mysource/CyberNaviRobot/ros2test_ws/install/lslidar_driver/share/lslidar_driver/local_setup.sh
[0.140s] -- Up-to-date: /home/tungchiahui/UserFloder/mysource/CyberNaviRobot/ros2test_ws/install/lslidar_driver/share/lslidar_driver/local_setup.zsh
[0.140s] -- Up-to-date: /home/tungchiahui/UserFloder/mysource/CyberNaviRobot/ros2test_ws/install/lslidar_driver/share/lslidar_driver/local_setup.dsv
[0.140s] -- Installing: /home/tungchiahui/UserFloder/mysource/CyberNaviRobot/ros2test_ws/install/lslidar_driver/share/lslidar_driver/package.dsv
[0.140s] -- Up-to-date: /home/tungchiahui/UserFloder/mysource/CyberNaviRobot/ros2test_ws/install/lslidar_driver/share/ament_index/resource_index/packages/lslidar_driver
[0.140s] -- Up-to-date: /home/tungchiahui/UserFloder/mysource/CyberNaviRobot/ros2test_ws/install/lslidar_driver/share/lslidar_driver/cmake/ament_cmake_export_dependencies-extras.cmake
[0.140s] -- Up-to-date: /home/tungchiahui/UserFloder/mysource/CyberNaviRobot/ros2test_ws/install/lslidar_driver/share/lslidar_driver/cmake/ament_cmake_export_include_directories-extras.cmake
[0.140s] -- Up-to-date: /home/tungchiahui/UserFloder/mysource/CyberNaviRobot/ros2test_ws/install/lslidar_driver/share/lslidar_driver/cmake/lslidar_driverConfig.cmake
[0.140s] -- Up-to-date: /home/tungchiahui/UserFloder/mysource/CyberNaviRobot/ros2test_ws/install/lslidar_driver/share/lslidar_driver/cmake/lslidar_driverConfig-version.cmake
[0.140s] -- Up-to-date: /home/tungchiahui/UserFloder/mysource/CyberNaviRobot/ros2test_ws/install/lslidar_driver/share/lslidar_driver/package.xml
[0.142s] Invoked command in '/home/tungchiahui/UserFloder/mysource/CyberNaviRobot/ros2test_ws/build/lslidar_driver' returned '0': AMENT_PREFIX_PATH=/home/tungchiahui/UserFloder/mysource/CyberNaviRobot/ros2test_ws/install/lslidar_msgs:${AMENT_PREFIX_PATH} CMAKE_PREFIX_PATH=/home/tungchiahui/UserFloder/mysource/CyberNaviRobot/ros2test_ws/install/lslidar_msgs:/opt/ros/jazzy/opt/gz_sim_vendor:/opt/ros/jazzy/opt/gz_sensors_vendor:/opt/ros/jazzy/opt/gz_physics_vendor:/opt/ros/jazzy/opt/sdformat_vendor:/opt/ros/jazzy/opt/gz_gui_vendor:/opt/ros/jazzy/opt/gz_transport_vendor:/opt/ros/jazzy/opt/gz_rendering_vendor:/opt/ros/jazzy/opt/gz_plugin_vendor:/opt/ros/jazzy/opt/gz_fuel_tools_vendor:/opt/ros/jazzy/opt/gz_msgs_vendor:/opt/ros/jazzy/opt/gz_common_vendor:/opt/ros/jazzy/opt/gz_math_vendor:/opt/ros/jazzy/opt/gz_utils_vendor:/opt/ros/jazzy/opt/gz_tools_vendor:/opt/ros/jazzy/opt/gz_ogre_next_vendor:/opt/ros/jazzy/opt/gz_dartsim_vendor:/opt/ros/jazzy/opt/gz_cmake_vendor:/opt/ros/jazzy LD_LIBRARY_PATH=/home/tungchiahui/UserFloder/mysource/CyberNaviRobot/ros2test_ws/install/lslidar_msgs/lib:${LD_LIBRARY_PATH} PYTHONPATH=/home/tungchiahui/UserFloder/mysource/CyberNaviRobot/ros2test_ws/install/lslidar_msgs/lib/python3.12/site-packages:${PYTHONPATH} /usr/bin/cmake --install /home/tungchiahui/UserFloder/mysource/CyberNaviRobot/ros2test_ws/build/lslidar_driver
